{"filter":false,"title":"rspec.log","tooltip":"/bookers1-debug/rspec.log","undoManager":{"mark":5,"position":5,"stack":[[{"start":{"row":0,"column":0},"end":{"row":352,"column":0},"action":"remove","lines":["","Book モデルに関するテスト","  実際に保存してみる","\u001b[32m    有効な投稿内容の場合は保存されるか\u001b[0m","  空白のバリデーションチェック","\u001b[32m    titleが空白の場合にバリデーションチェックされ空白のエラーメッセージが返ってきているか\u001b[0m","\u001b[32m    bodyが空白の場合にバリデーションチェックされ空白のエラーメッセージが返ってきているか\u001b[0m","  titleを空白で投稿した場合に画面にエラーメッセージが表示されているか","\u001b[31m    エラーメッセージは正しく表示されるか (FAILED - 1)\u001b[0m","  bodyを空白で投稿した場合に画面にエラーメッセージが表示されているか","\u001b[31m    エラーメッセージは正しく表示されるか (FAILED - 2)\u001b[0m","","投稿のテスト","  トップ画面(root_path)のテスト","    表示の確認","\u001b[32m      トップ画面(root_path)に一覧ページへのリンクが表示されているか\u001b[0m","\u001b[32m      root_pathが\"/\"であるか\u001b[0m","  一覧画面のテスト","    一覧の表示とリンクの確認","\u001b[32m      bookの一覧表示(tableタグ)と投稿フォームが同一画面に表示されているか\u001b[0m","\u001b[32m      bookのタイトルと感想を表示し、詳細・編集・削除のリンクが表示されているか\u001b[0m","\u001b[32m      Create Bookボタンが表示される\u001b[0m","    投稿処理に関するテスト","\u001b[32m      投稿に成功しサクセスメッセージが表示されるか\u001b[0m","\u001b[31m      投稿に失敗する (FAILED - 3)\u001b[0m","\u001b[32m      投稿後のリダイレクト先は正しいか\u001b[0m","    book削除のテスト","\u001b[32m      bookの削除\u001b[0m","  詳細画面のテスト","    表示の確認","\u001b[32m      本のタイトルと感想が画面に表示されていること\u001b[0m","\u001b[32m      Editリンクが表示される\u001b[0m","\u001b[32m      Backリンクが表示される\u001b[0m","    リンクの遷移先の確認","\u001b[32m      Editの遷移先は編集画面か\u001b[0m","\u001b[32m      Backの遷移先は一覧画面か\u001b[0m","  編集画面のテスト","    表示の確認","\u001b[32m      編集前のタイトルと感想がフォームに表示(セット)されている\u001b[0m","\u001b[32m      Update Bookボタンが表示される\u001b[0m","\u001b[32m      Showリンクが表示される\u001b[0m","\u001b[32m      Backリンクが表示される\u001b[0m","    リンクの遷移先の確認","\u001b[32m      Showの遷移先は詳細画面か\u001b[0m","\u001b[32m      Backの遷移先は一覧画面か\u001b[0m","    更新処理に関するテスト","\u001b[31m      更新に成功しサクセスメッセージが表示されるか (FAILED - 4)\u001b[0m","\u001b[31m      更新に失敗しエラーメッセージが表示されるか (FAILED - 5)\u001b[0m","\u001b[31m      更新後のリダイレクト先は正しいか (FAILED - 6)\u001b[0m","","Failures:","","  1) Book モデルに関するテスト titleを空白で投稿した場合に画面にエラーメッセージが表示されているか エラーメッセージは正しく表示されるか","     \u001b[31mFailure/Error: <h2><%= pluralize(book.errors.count, \"error\") %> prohibited this book from being saved:</h2>\u001b[0m","     \u001b[31m\u001b[0m","     \u001b[31mActionView::Template::Error:\u001b[0m","     \u001b[31m  undefined local variable or method `book' for #<#<Class:0x00000000075d7918>:0x00000000081880f0>\u001b[0m","     \u001b[31m  Did you mean?  @book\u001b[0m","     \u001b[31m                 @books\u001b[0m","     \u001b[36m# ./app/views/books/_form.html.erb:4:in `block in _app_views_books__form_html_erb__2232858938670807304_61828160'\u001b[0m","     \u001b[36m# ./app/views/books/_form.html.erb:1:in `_app_views_books__form_html_erb__2232858938670807304_61828160'\u001b[0m","     \u001b[36m# ./app/views/books/index.html.erb:26:in `_app_views_books_index_html_erb__3251706650034252133_61759780'\u001b[0m","     \u001b[36m# ./app/controllers/books_controller.rb:17:in `create'\u001b[0m","     \u001b[36m# /home/ec2-user/.rvm/gems/ruby-2.6.3/gems/rack-2.2.3/lib/rack/tempfile_reaper.rb:15:in `call'\u001b[0m","     \u001b[36m# /home/ec2-user/.rvm/gems/ruby-2.6.3/gems/rack-2.2.3/lib/rack/etag.rb:27:in `call'\u001b[0m","     \u001b[36m# /home/ec2-user/.rvm/gems/ruby-2.6.3/gems/rack-2.2.3/lib/rack/conditional_get.rb:40:in `call'\u001b[0m","     \u001b[36m# /home/ec2-user/.rvm/gems/ruby-2.6.3/gems/rack-2.2.3/lib/rack/head.rb:12:in `call'\u001b[0m","     \u001b[36m# /home/ec2-user/.rvm/gems/ruby-2.6.3/gems/rack-2.2.3/lib/rack/session/abstract/id.rb:266:in `context'\u001b[0m","     \u001b[36m# /home/ec2-user/.rvm/gems/ruby-2.6.3/gems/rack-2.2.3/lib/rack/session/abstract/id.rb:260:in `call'\u001b[0m","     \u001b[36m# /home/ec2-user/.rvm/gems/ruby-2.6.3/gems/railties-5.2.5/lib/rails/rack/logger.rb:38:in `call_app'\u001b[0m","     \u001b[36m# /home/ec2-user/.rvm/gems/ruby-2.6.3/gems/railties-5.2.5/lib/rails/rack/logger.rb:26:in `block in call'\u001b[0m","     \u001b[36m# /home/ec2-user/.rvm/gems/ruby-2.6.3/gems/railties-5.2.5/lib/rails/rack/logger.rb:26:in `call'\u001b[0m","     \u001b[36m# /home/ec2-user/.rvm/gems/ruby-2.6.3/gems/rack-2.2.3/lib/rack/method_override.rb:24:in `call'\u001b[0m","     \u001b[36m# /home/ec2-user/.rvm/gems/ruby-2.6.3/gems/rack-2.2.3/lib/rack/runtime.rb:22:in `call'\u001b[0m","     \u001b[36m# /home/ec2-user/.rvm/gems/ruby-2.6.3/gems/rack-2.2.3/lib/rack/sendfile.rb:110:in `call'\u001b[0m","     \u001b[36m# /home/ec2-user/.rvm/gems/ruby-2.6.3/gems/railties-5.2.5/lib/rails/engine.rb:524:in `call'\u001b[0m","     \u001b[36m# /home/ec2-user/.rvm/gems/ruby-2.6.3/gems/rack-2.2.3/lib/rack/urlmap.rb:74:in `block in call'\u001b[0m","     \u001b[36m# /home/ec2-user/.rvm/gems/ruby-2.6.3/gems/rack-2.2.3/lib/rack/urlmap.rb:58:in `each'\u001b[0m","     \u001b[36m# /home/ec2-user/.rvm/gems/ruby-2.6.3/gems/rack-2.2.3/lib/rack/urlmap.rb:58:in `call'\u001b[0m","     \u001b[36m# /home/ec2-user/.rvm/gems/ruby-2.6.3/gems/rack-2.2.3/lib/rack/builder.rb:244:in `call'\u001b[0m","     \u001b[36m# /home/ec2-user/.rvm/gems/ruby-2.6.3/gems/rack-test-1.1.0/lib/rack/mock_session.rb:29:in `request'\u001b[0m","     \u001b[36m# /home/ec2-user/.rvm/gems/ruby-2.6.3/gems/rack-test-1.1.0/lib/rack/test.rb:266:in `process_request'\u001b[0m","     \u001b[36m# /home/ec2-user/.rvm/gems/ruby-2.6.3/gems/rack-test-1.1.0/lib/rack/test.rb:129:in `custom_request'\u001b[0m","     \u001b[36m# /home/ec2-user/.rvm/gems/ruby-2.6.3/gems/rack-test-1.1.0/lib/rack/test.rb:66:in `post'\u001b[0m","     \u001b[36m# /home/ec2-user/.rvm/gems/ruby-2.6.3/gems/capybara-3.35.3/lib/capybara/rack_test/browser.rb:72:in `process'\u001b[0m","     \u001b[36m# /home/ec2-user/.rvm/gems/ruby-2.6.3/gems/capybara-3.35.3/lib/capybara/rack_test/browser.rb:47:in `process_and_follow_redirects'\u001b[0m","     \u001b[36m# /home/ec2-user/.rvm/gems/ruby-2.6.3/gems/capybara-3.35.3/lib/capybara/rack_test/browser.rb:36:in `submit'\u001b[0m","     \u001b[36m# /home/ec2-user/.rvm/gems/ruby-2.6.3/gems/capybara-3.35.3/lib/capybara/rack_test/form.rb:43:in `submit'\u001b[0m","     \u001b[36m# /home/ec2-user/.rvm/gems/ruby-2.6.3/gems/capybara-3.35.3/lib/capybara/rack_test/node.rb:75:in `click'\u001b[0m","     \u001b[36m# /home/ec2-user/.rvm/gems/ruby-2.6.3/gems/capybara-3.35.3/lib/capybara/rack_test/node.rb:137:in `block (2 levels) in <class:Node>'\u001b[0m","     \u001b[36m# /home/ec2-user/.rvm/gems/ruby-2.6.3/gems/capybara-3.35.3/lib/capybara/node/element.rb:172:in `block in click'\u001b[0m","     \u001b[36m# /home/ec2-user/.rvm/gems/ruby-2.6.3/gems/capybara-3.35.3/lib/capybara/node/element.rb:597:in `block in perform_click_action'\u001b[0m","     \u001b[36m# /home/ec2-user/.rvm/gems/ruby-2.6.3/gems/capybara-3.35.3/lib/capybara/node/base.rb:83:in `synchronize'\u001b[0m","     \u001b[36m# /home/ec2-user/.rvm/gems/ruby-2.6.3/gems/capybara-3.35.3/lib/capybara/node/element.rb:597:in `perform_click_action'\u001b[0m","     \u001b[36m# /home/ec2-user/.rvm/gems/ruby-2.6.3/gems/capybara-3.35.3/lib/capybara/node/element.rb:171:in `click'\u001b[0m","     \u001b[36m# ./spec/models/book_spec.rb:29:in `block (3 levels) in <top (required)>'\u001b[0m","     \u001b[36m# ------------------\u001b[0m","     \u001b[36m# --- Caused by: ---\u001b[0m","     \u001b[36m# NameError:\u001b[0m","     \u001b[36m#   undefined local variable or method `book' for #<#<Class:0x00000000075d7918>:0x00000000081880f0>\u001b[0m","     \u001b[36m#   Did you mean?  @book\u001b[0m","     \u001b[36m#                  @books\u001b[0m","     \u001b[36m#   ./app/views/books/_form.html.erb:4:in `block in _app_views_books__form_html_erb__2232858938670807304_61828160'\u001b[0m","","  2) Book モデルに関するテスト bodyを空白で投稿した場合に画面にエラーメッセージが表示されているか エラーメッセージは正しく表示されるか","     \u001b[31mFailure/Error: <h2><%= pluralize(book.errors.count, \"error\") %> prohibited this book from being saved:</h2>\u001b[0m","     \u001b[31m\u001b[0m","     \u001b[31mActionView::Template::Error:\u001b[0m","     \u001b[31m  undefined local variable or method `book' for #<#<Class:0x00000000075d7918>:0x00000000083c94b8>\u001b[0m","     \u001b[31m  Did you mean?  @book\u001b[0m","     \u001b[31m                 @books\u001b[0m","     \u001b[36m# ./app/views/books/_form.html.erb:4:in `block in _app_views_books__form_html_erb__2232858938670807304_61828160'\u001b[0m","     \u001b[36m# ./app/views/books/_form.html.erb:1:in `_app_views_books__form_html_erb__2232858938670807304_61828160'\u001b[0m","     \u001b[36m# ./app/views/books/index.html.erb:26:in `_app_views_books_index_html_erb__3251706650034252133_61759780'\u001b[0m","     \u001b[36m# ./app/controllers/books_controller.rb:17:in `create'\u001b[0m","     \u001b[36m# /home/ec2-user/.rvm/gems/ruby-2.6.3/gems/rack-2.2.3/lib/rack/tempfile_reaper.rb:15:in `call'\u001b[0m","     \u001b[36m# /home/ec2-user/.rvm/gems/ruby-2.6.3/gems/rack-2.2.3/lib/rack/etag.rb:27:in `call'\u001b[0m","     \u001b[36m# /home/ec2-user/.rvm/gems/ruby-2.6.3/gems/rack-2.2.3/lib/rack/conditional_get.rb:40:in `call'\u001b[0m","     \u001b[36m# /home/ec2-user/.rvm/gems/ruby-2.6.3/gems/rack-2.2.3/lib/rack/head.rb:12:in `call'\u001b[0m","     \u001b[36m# /home/ec2-user/.rvm/gems/ruby-2.6.3/gems/rack-2.2.3/lib/rack/session/abstract/id.rb:266:in `context'\u001b[0m","     \u001b[36m# /home/ec2-user/.rvm/gems/ruby-2.6.3/gems/rack-2.2.3/lib/rack/session/abstract/id.rb:260:in `call'\u001b[0m","     \u001b[36m# /home/ec2-user/.rvm/gems/ruby-2.6.3/gems/railties-5.2.5/lib/rails/rack/logger.rb:38:in `call_app'\u001b[0m","     \u001b[36m# /home/ec2-user/.rvm/gems/ruby-2.6.3/gems/railties-5.2.5/lib/rails/rack/logger.rb:26:in `block in call'\u001b[0m","     \u001b[36m# /home/ec2-user/.rvm/gems/ruby-2.6.3/gems/railties-5.2.5/lib/rails/rack/logger.rb:26:in `call'\u001b[0m","     \u001b[36m# /home/ec2-user/.rvm/gems/ruby-2.6.3/gems/rack-2.2.3/lib/rack/method_override.rb:24:in `call'\u001b[0m","     \u001b[36m# /home/ec2-user/.rvm/gems/ruby-2.6.3/gems/rack-2.2.3/lib/rack/runtime.rb:22:in `call'\u001b[0m","     \u001b[36m# /home/ec2-user/.rvm/gems/ruby-2.6.3/gems/rack-2.2.3/lib/rack/sendfile.rb:110:in `call'\u001b[0m","     \u001b[36m# /home/ec2-user/.rvm/gems/ruby-2.6.3/gems/railties-5.2.5/lib/rails/engine.rb:524:in `call'\u001b[0m","     \u001b[36m# /home/ec2-user/.rvm/gems/ruby-2.6.3/gems/rack-2.2.3/lib/rack/urlmap.rb:74:in `block in call'\u001b[0m","     \u001b[36m# /home/ec2-user/.rvm/gems/ruby-2.6.3/gems/rack-2.2.3/lib/rack/urlmap.rb:58:in `each'\u001b[0m","     \u001b[36m# /home/ec2-user/.rvm/gems/ruby-2.6.3/gems/rack-2.2.3/lib/rack/urlmap.rb:58:in `call'\u001b[0m","     \u001b[36m# /home/ec2-user/.rvm/gems/ruby-2.6.3/gems/rack-2.2.3/lib/rack/builder.rb:244:in `call'\u001b[0m","     \u001b[36m# /home/ec2-user/.rvm/gems/ruby-2.6.3/gems/rack-test-1.1.0/lib/rack/mock_session.rb:29:in `request'\u001b[0m","     \u001b[36m# /home/ec2-user/.rvm/gems/ruby-2.6.3/gems/rack-test-1.1.0/lib/rack/test.rb:266:in `process_request'\u001b[0m","     \u001b[36m# /home/ec2-user/.rvm/gems/ruby-2.6.3/gems/rack-test-1.1.0/lib/rack/test.rb:129:in `custom_request'\u001b[0m","     \u001b[36m# /home/ec2-user/.rvm/gems/ruby-2.6.3/gems/rack-test-1.1.0/lib/rack/test.rb:66:in `post'\u001b[0m","     \u001b[36m# /home/ec2-user/.rvm/gems/ruby-2.6.3/gems/capybara-3.35.3/lib/capybara/rack_test/browser.rb:72:in `process'\u001b[0m","     \u001b[36m# /home/ec2-user/.rvm/gems/ruby-2.6.3/gems/capybara-3.35.3/lib/capybara/rack_test/browser.rb:47:in `process_and_follow_redirects'\u001b[0m","     \u001b[36m# /home/ec2-user/.rvm/gems/ruby-2.6.3/gems/capybara-3.35.3/lib/capybara/rack_test/browser.rb:36:in `submit'\u001b[0m","     \u001b[36m# /home/ec2-user/.rvm/gems/ruby-2.6.3/gems/capybara-3.35.3/lib/capybara/rack_test/form.rb:43:in `submit'\u001b[0m","     \u001b[36m# /home/ec2-user/.rvm/gems/ruby-2.6.3/gems/capybara-3.35.3/lib/capybara/rack_test/node.rb:75:in `click'\u001b[0m","     \u001b[36m# /home/ec2-user/.rvm/gems/ruby-2.6.3/gems/capybara-3.35.3/lib/capybara/rack_test/node.rb:137:in `block (2 levels) in <class:Node>'\u001b[0m","     \u001b[36m# /home/ec2-user/.rvm/gems/ruby-2.6.3/gems/capybara-3.35.3/lib/capybara/node/element.rb:172:in `block in click'\u001b[0m","     \u001b[36m# /home/ec2-user/.rvm/gems/ruby-2.6.3/gems/capybara-3.35.3/lib/capybara/node/element.rb:597:in `block in perform_click_action'\u001b[0m","     \u001b[36m# /home/ec2-user/.rvm/gems/ruby-2.6.3/gems/capybara-3.35.3/lib/capybara/node/base.rb:83:in `synchronize'\u001b[0m","     \u001b[36m# /home/ec2-user/.rvm/gems/ruby-2.6.3/gems/capybara-3.35.3/lib/capybara/node/element.rb:597:in `perform_click_action'\u001b[0m","     \u001b[36m# /home/ec2-user/.rvm/gems/ruby-2.6.3/gems/capybara-3.35.3/lib/capybara/node/element.rb:171:in `click'\u001b[0m","     \u001b[36m# ./spec/models/book_spec.rb:39:in `block (3 levels) in <top (required)>'\u001b[0m","     \u001b[36m# ------------------\u001b[0m","     \u001b[36m# --- Caused by: ---\u001b[0m","     \u001b[36m# NameError:\u001b[0m","     \u001b[36m#   undefined local variable or method `book' for #<#<Class:0x00000000075d7918>:0x00000000083c94b8>\u001b[0m","     \u001b[36m#   Did you mean?  @book\u001b[0m","     \u001b[36m#                  @books\u001b[0m","     \u001b[36m#   ./app/views/books/_form.html.erb:4:in `block in _app_views_books__form_html_erb__2232858938670807304_61828160'\u001b[0m","","  3) 投稿のテスト 一覧画面のテスト 投稿処理に関するテスト 投稿に失敗する","     \u001b[31mFailure/Error: <h2><%= pluralize(book.errors.count, \"error\") %> prohibited this book from being saved:</h2>\u001b[0m","     \u001b[31m\u001b[0m","     \u001b[31mActionView::Template::Error:\u001b[0m","     \u001b[31m  undefined local variable or method `book' for #<#<Class:0x00000000075d7918>:0x0000000008a9bf48>\u001b[0m","     \u001b[31m  Did you mean?  @book\u001b[0m","     \u001b[31m                 @books\u001b[0m","     \u001b[36m# ./app/views/books/_form.html.erb:4:in `block in _app_views_books__form_html_erb__2232858938670807304_61828160'\u001b[0m","     \u001b[36m# ./app/views/books/_form.html.erb:1:in `_app_views_books__form_html_erb__2232858938670807304_61828160'\u001b[0m","     \u001b[36m# ./app/views/books/index.html.erb:26:in `_app_views_books_index_html_erb__3251706650034252133_61759780'\u001b[0m","     \u001b[36m# ./app/controllers/books_controller.rb:17:in `create'\u001b[0m","     \u001b[36m# /home/ec2-user/.rvm/gems/ruby-2.6.3/gems/rack-2.2.3/lib/rack/tempfile_reaper.rb:15:in `call'\u001b[0m","     \u001b[36m# /home/ec2-user/.rvm/gems/ruby-2.6.3/gems/rack-2.2.3/lib/rack/etag.rb:27:in `call'\u001b[0m","     \u001b[36m# /home/ec2-user/.rvm/gems/ruby-2.6.3/gems/rack-2.2.3/lib/rack/conditional_get.rb:40:in `call'\u001b[0m","     \u001b[36m# /home/ec2-user/.rvm/gems/ruby-2.6.3/gems/rack-2.2.3/lib/rack/head.rb:12:in `call'\u001b[0m","     \u001b[36m# /home/ec2-user/.rvm/gems/ruby-2.6.3/gems/rack-2.2.3/lib/rack/session/abstract/id.rb:266:in `context'\u001b[0m","     \u001b[36m# /home/ec2-user/.rvm/gems/ruby-2.6.3/gems/rack-2.2.3/lib/rack/session/abstract/id.rb:260:in `call'\u001b[0m","     \u001b[36m# /home/ec2-user/.rvm/gems/ruby-2.6.3/gems/railties-5.2.5/lib/rails/rack/logger.rb:38:in `call_app'\u001b[0m","     \u001b[36m# /home/ec2-user/.rvm/gems/ruby-2.6.3/gems/railties-5.2.5/lib/rails/rack/logger.rb:26:in `block in call'\u001b[0m","     \u001b[36m# /home/ec2-user/.rvm/gems/ruby-2.6.3/gems/railties-5.2.5/lib/rails/rack/logger.rb:26:in `call'\u001b[0m","     \u001b[36m# /home/ec2-user/.rvm/gems/ruby-2.6.3/gems/rack-2.2.3/lib/rack/method_override.rb:24:in `call'\u001b[0m","     \u001b[36m# /home/ec2-user/.rvm/gems/ruby-2.6.3/gems/rack-2.2.3/lib/rack/runtime.rb:22:in `call'\u001b[0m","     \u001b[36m# /home/ec2-user/.rvm/gems/ruby-2.6.3/gems/rack-2.2.3/lib/rack/sendfile.rb:110:in `call'\u001b[0m","     \u001b[36m# /home/ec2-user/.rvm/gems/ruby-2.6.3/gems/railties-5.2.5/lib/rails/engine.rb:524:in `call'\u001b[0m","     \u001b[36m# /home/ec2-user/.rvm/gems/ruby-2.6.3/gems/rack-2.2.3/lib/rack/urlmap.rb:74:in `block in call'\u001b[0m","     \u001b[36m# /home/ec2-user/.rvm/gems/ruby-2.6.3/gems/rack-2.2.3/lib/rack/urlmap.rb:58:in `each'\u001b[0m","     \u001b[36m# /home/ec2-user/.rvm/gems/ruby-2.6.3/gems/rack-2.2.3/lib/rack/urlmap.rb:58:in `call'\u001b[0m","     \u001b[36m# /home/ec2-user/.rvm/gems/ruby-2.6.3/gems/rack-2.2.3/lib/rack/builder.rb:244:in `call'\u001b[0m","     \u001b[36m# /home/ec2-user/.rvm/gems/ruby-2.6.3/gems/rack-test-1.1.0/lib/rack/mock_session.rb:29:in `request'\u001b[0m","     \u001b[36m# /home/ec2-user/.rvm/gems/ruby-2.6.3/gems/rack-test-1.1.0/lib/rack/test.rb:266:in `process_request'\u001b[0m","     \u001b[36m# /home/ec2-user/.rvm/gems/ruby-2.6.3/gems/rack-test-1.1.0/lib/rack/test.rb:129:in `custom_request'\u001b[0m","     \u001b[36m# /home/ec2-user/.rvm/gems/ruby-2.6.3/gems/rack-test-1.1.0/lib/rack/test.rb:66:in `post'\u001b[0m","     \u001b[36m# /home/ec2-user/.rvm/gems/ruby-2.6.3/gems/capybara-3.35.3/lib/capybara/rack_test/browser.rb:72:in `process'\u001b[0m","     \u001b[36m# /home/ec2-user/.rvm/gems/ruby-2.6.3/gems/capybara-3.35.3/lib/capybara/rack_test/browser.rb:47:in `process_and_follow_redirects'\u001b[0m","     \u001b[36m# /home/ec2-user/.rvm/gems/ruby-2.6.3/gems/capybara-3.35.3/lib/capybara/rack_test/browser.rb:36:in `submit'\u001b[0m","     \u001b[36m# /home/ec2-user/.rvm/gems/ruby-2.6.3/gems/capybara-3.35.3/lib/capybara/rack_test/form.rb:43:in `submit'\u001b[0m","     \u001b[36m# /home/ec2-user/.rvm/gems/ruby-2.6.3/gems/capybara-3.35.3/lib/capybara/rack_test/node.rb:75:in `click'\u001b[0m","     \u001b[36m# /home/ec2-user/.rvm/gems/ruby-2.6.3/gems/capybara-3.35.3/lib/capybara/rack_test/node.rb:137:in `block (2 levels) in <class:Node>'\u001b[0m","     \u001b[36m# /home/ec2-user/.rvm/gems/ruby-2.6.3/gems/capybara-3.35.3/lib/capybara/node/element.rb:172:in `block in click'\u001b[0m","     \u001b[36m# /home/ec2-user/.rvm/gems/ruby-2.6.3/gems/capybara-3.35.3/lib/capybara/node/element.rb:597:in `block in perform_click_action'\u001b[0m","     \u001b[36m# /home/ec2-user/.rvm/gems/ruby-2.6.3/gems/capybara-3.35.3/lib/capybara/node/base.rb:83:in `synchronize'\u001b[0m","     \u001b[36m# /home/ec2-user/.rvm/gems/ruby-2.6.3/gems/capybara-3.35.3/lib/capybara/node/element.rb:597:in `perform_click_action'\u001b[0m","     \u001b[36m# /home/ec2-user/.rvm/gems/ruby-2.6.3/gems/capybara-3.35.3/lib/capybara/node/element.rb:171:in `click'\u001b[0m","     \u001b[36m# /home/ec2-user/.rvm/gems/ruby-2.6.3/gems/capybara-3.35.3/lib/capybara/node/actions.rb:58:in `click_button'\u001b[0m","     \u001b[36m# /home/ec2-user/.rvm/gems/ruby-2.6.3/gems/capybara-3.35.3/lib/capybara/session.rb:768:in `block (2 levels) in <class:Session>'\u001b[0m","     \u001b[36m# /home/ec2-user/.rvm/gems/ruby-2.6.3/gems/capybara-3.35.3/lib/capybara/dsl.rb:58:in `block (2 levels) in <module:DSL>'\u001b[0m","     \u001b[36m# ./spec/system/books_spec.rb:63:in `block (4 levels) in <main>'\u001b[0m","     \u001b[36m# ------------------\u001b[0m","     \u001b[36m# --- Caused by: ---\u001b[0m","     \u001b[36m# NameError:\u001b[0m","     \u001b[36m#   undefined local variable or method `book' for #<#<Class:0x00000000075d7918>:0x0000000008a9bf48>\u001b[0m","     \u001b[36m#   Did you mean?  @book\u001b[0m","     \u001b[36m#                  @books\u001b[0m","     \u001b[36m#   ./app/views/books/_form.html.erb:4:in `block in _app_views_books__form_html_erb__2232858938670807304_61828160'\u001b[0m","","  4) 投稿のテスト 編集画面のテスト 更新処理に関するテスト 更新に成功しサクセスメッセージが表示されるか","     \u001b[31mFailure/Error: if @book.update()\u001b[0m","     \u001b[31m\u001b[0m","     \u001b[31mArgumentError:\u001b[0m","     \u001b[31m  wrong number of arguments (given 0, expected 1)\u001b[0m","     \u001b[36m# ./app/controllers/books_controller.rb:31:in `update'\u001b[0m","     \u001b[36m# /home/ec2-user/.rvm/gems/ruby-2.6.3/gems/rack-2.2.3/lib/rack/tempfile_reaper.rb:15:in `call'\u001b[0m","     \u001b[36m# /home/ec2-user/.rvm/gems/ruby-2.6.3/gems/rack-2.2.3/lib/rack/etag.rb:27:in `call'\u001b[0m","     \u001b[36m# /home/ec2-user/.rvm/gems/ruby-2.6.3/gems/rack-2.2.3/lib/rack/conditional_get.rb:40:in `call'\u001b[0m","     \u001b[36m# /home/ec2-user/.rvm/gems/ruby-2.6.3/gems/rack-2.2.3/lib/rack/head.rb:12:in `call'\u001b[0m","     \u001b[36m# /home/ec2-user/.rvm/gems/ruby-2.6.3/gems/rack-2.2.3/lib/rack/session/abstract/id.rb:266:in `context'\u001b[0m","     \u001b[36m# /home/ec2-user/.rvm/gems/ruby-2.6.3/gems/rack-2.2.3/lib/rack/session/abstract/id.rb:260:in `call'\u001b[0m","     \u001b[36m# /home/ec2-user/.rvm/gems/ruby-2.6.3/gems/railties-5.2.5/lib/rails/rack/logger.rb:38:in `call_app'\u001b[0m","     \u001b[36m# /home/ec2-user/.rvm/gems/ruby-2.6.3/gems/railties-5.2.5/lib/rails/rack/logger.rb:26:in `block in call'\u001b[0m","     \u001b[36m# /home/ec2-user/.rvm/gems/ruby-2.6.3/gems/railties-5.2.5/lib/rails/rack/logger.rb:26:in `call'\u001b[0m","     \u001b[36m# /home/ec2-user/.rvm/gems/ruby-2.6.3/gems/rack-2.2.3/lib/rack/method_override.rb:24:in `call'\u001b[0m","     \u001b[36m# /home/ec2-user/.rvm/gems/ruby-2.6.3/gems/rack-2.2.3/lib/rack/runtime.rb:22:in `call'\u001b[0m","     \u001b[36m# /home/ec2-user/.rvm/gems/ruby-2.6.3/gems/rack-2.2.3/lib/rack/sendfile.rb:110:in `call'\u001b[0m","     \u001b[36m# /home/ec2-user/.rvm/gems/ruby-2.6.3/gems/railties-5.2.5/lib/rails/engine.rb:524:in `call'\u001b[0m","     \u001b[36m# /home/ec2-user/.rvm/gems/ruby-2.6.3/gems/rack-2.2.3/lib/rack/urlmap.rb:74:in `block in call'\u001b[0m","     \u001b[36m# /home/ec2-user/.rvm/gems/ruby-2.6.3/gems/rack-2.2.3/lib/rack/urlmap.rb:58:in `each'\u001b[0m","     \u001b[36m# /home/ec2-user/.rvm/gems/ruby-2.6.3/gems/rack-2.2.3/lib/rack/urlmap.rb:58:in `call'\u001b[0m","     \u001b[36m# /home/ec2-user/.rvm/gems/ruby-2.6.3/gems/rack-2.2.3/lib/rack/builder.rb:244:in `call'\u001b[0m","     \u001b[36m# /home/ec2-user/.rvm/gems/ruby-2.6.3/gems/rack-test-1.1.0/lib/rack/mock_session.rb:29:in `request'\u001b[0m","     \u001b[36m# /home/ec2-user/.rvm/gems/ruby-2.6.3/gems/rack-test-1.1.0/lib/rack/test.rb:266:in `process_request'\u001b[0m","     \u001b[36m# /home/ec2-user/.rvm/gems/ruby-2.6.3/gems/rack-test-1.1.0/lib/rack/test.rb:129:in `custom_request'\u001b[0m","     \u001b[36m# /home/ec2-user/.rvm/gems/ruby-2.6.3/gems/rack-test-1.1.0/lib/rack/test.rb:66:in `post'\u001b[0m","     \u001b[36m# /home/ec2-user/.rvm/gems/ruby-2.6.3/gems/capybara-3.35.3/lib/capybara/rack_test/browser.rb:72:in `process'\u001b[0m","     \u001b[36m# /home/ec2-user/.rvm/gems/ruby-2.6.3/gems/capybara-3.35.3/lib/capybara/rack_test/browser.rb:47:in `process_and_follow_redirects'\u001b[0m","     \u001b[36m# /home/ec2-user/.rvm/gems/ruby-2.6.3/gems/capybara-3.35.3/lib/capybara/rack_test/browser.rb:36:in `submit'\u001b[0m","     \u001b[36m# /home/ec2-user/.rvm/gems/ruby-2.6.3/gems/capybara-3.35.3/lib/capybara/rack_test/form.rb:43:in `submit'\u001b[0m","     \u001b[36m# /home/ec2-user/.rvm/gems/ruby-2.6.3/gems/capybara-3.35.3/lib/capybara/rack_test/node.rb:75:in `click'\u001b[0m","     \u001b[36m# /home/ec2-user/.rvm/gems/ruby-2.6.3/gems/capybara-3.35.3/lib/capybara/rack_test/node.rb:137:in `block (2 levels) in <class:Node>'\u001b[0m","     \u001b[36m# /home/ec2-user/.rvm/gems/ruby-2.6.3/gems/capybara-3.35.3/lib/capybara/node/element.rb:172:in `block in click'\u001b[0m","     \u001b[36m# /home/ec2-user/.rvm/gems/ruby-2.6.3/gems/capybara-3.35.3/lib/capybara/node/element.rb:597:in `block in perform_click_action'\u001b[0m","     \u001b[36m# /home/ec2-user/.rvm/gems/ruby-2.6.3/gems/capybara-3.35.3/lib/capybara/node/base.rb:83:in `synchronize'\u001b[0m","     \u001b[36m# /home/ec2-user/.rvm/gems/ruby-2.6.3/gems/capybara-3.35.3/lib/capybara/node/element.rb:597:in `perform_click_action'\u001b[0m","     \u001b[36m# /home/ec2-user/.rvm/gems/ruby-2.6.3/gems/capybara-3.35.3/lib/capybara/node/element.rb:171:in `click'\u001b[0m","     \u001b[36m# /home/ec2-user/.rvm/gems/ruby-2.6.3/gems/capybara-3.35.3/lib/capybara/node/actions.rb:58:in `click_button'\u001b[0m","     \u001b[36m# /home/ec2-user/.rvm/gems/ruby-2.6.3/gems/capybara-3.35.3/lib/capybara/session.rb:768:in `block (2 levels) in <class:Session>'\u001b[0m","     \u001b[36m# /home/ec2-user/.rvm/gems/ruby-2.6.3/gems/capybara-3.35.3/lib/capybara/dsl.rb:58:in `block (2 levels) in <module:DSL>'\u001b[0m","     \u001b[36m# ./spec/system/books_spec.rb:149:in `block (4 levels) in <main>'\u001b[0m","","  5) 投稿のテスト 編集画面のテスト 更新処理に関するテスト 更新に失敗しエラーメッセージが表示されるか","     \u001b[31mFailure/Error: if @book.update()\u001b[0m","     \u001b[31m\u001b[0m","     \u001b[31mArgumentError:\u001b[0m","     \u001b[31m  wrong number of arguments (given 0, expected 1)\u001b[0m","     \u001b[36m# ./app/controllers/books_controller.rb:31:in `update'\u001b[0m","     \u001b[36m# /home/ec2-user/.rvm/gems/ruby-2.6.3/gems/rack-2.2.3/lib/rack/tempfile_reaper.rb:15:in `call'\u001b[0m","     \u001b[36m# /home/ec2-user/.rvm/gems/ruby-2.6.3/gems/rack-2.2.3/lib/rack/etag.rb:27:in `call'\u001b[0m","     \u001b[36m# /home/ec2-user/.rvm/gems/ruby-2.6.3/gems/rack-2.2.3/lib/rack/conditional_get.rb:40:in `call'\u001b[0m","     \u001b[36m# /home/ec2-user/.rvm/gems/ruby-2.6.3/gems/rack-2.2.3/lib/rack/head.rb:12:in `call'\u001b[0m","     \u001b[36m# /home/ec2-user/.rvm/gems/ruby-2.6.3/gems/rack-2.2.3/lib/rack/session/abstract/id.rb:266:in `context'\u001b[0m","     \u001b[36m# /home/ec2-user/.rvm/gems/ruby-2.6.3/gems/rack-2.2.3/lib/rack/session/abstract/id.rb:260:in `call'\u001b[0m","     \u001b[36m# /home/ec2-user/.rvm/gems/ruby-2.6.3/gems/railties-5.2.5/lib/rails/rack/logger.rb:38:in `call_app'\u001b[0m","     \u001b[36m# /home/ec2-user/.rvm/gems/ruby-2.6.3/gems/railties-5.2.5/lib/rails/rack/logger.rb:26:in `block in call'\u001b[0m","     \u001b[36m# /home/ec2-user/.rvm/gems/ruby-2.6.3/gems/railties-5.2.5/lib/rails/rack/logger.rb:26:in `call'\u001b[0m","     \u001b[36m# /home/ec2-user/.rvm/gems/ruby-2.6.3/gems/rack-2.2.3/lib/rack/method_override.rb:24:in `call'\u001b[0m","     \u001b[36m# /home/ec2-user/.rvm/gems/ruby-2.6.3/gems/rack-2.2.3/lib/rack/runtime.rb:22:in `call'\u001b[0m","     \u001b[36m# /home/ec2-user/.rvm/gems/ruby-2.6.3/gems/rack-2.2.3/lib/rack/sendfile.rb:110:in `call'\u001b[0m","     \u001b[36m# /home/ec2-user/.rvm/gems/ruby-2.6.3/gems/railties-5.2.5/lib/rails/engine.rb:524:in `call'\u001b[0m","     \u001b[36m# /home/ec2-user/.rvm/gems/ruby-2.6.3/gems/rack-2.2.3/lib/rack/urlmap.rb:74:in `block in call'\u001b[0m","     \u001b[36m# /home/ec2-user/.rvm/gems/ruby-2.6.3/gems/rack-2.2.3/lib/rack/urlmap.rb:58:in `each'\u001b[0m","     \u001b[36m# /home/ec2-user/.rvm/gems/ruby-2.6.3/gems/rack-2.2.3/lib/rack/urlmap.rb:58:in `call'\u001b[0m","     \u001b[36m# /home/ec2-user/.rvm/gems/ruby-2.6.3/gems/rack-2.2.3/lib/rack/builder.rb:244:in `call'\u001b[0m","     \u001b[36m# /home/ec2-user/.rvm/gems/ruby-2.6.3/gems/rack-test-1.1.0/lib/rack/mock_session.rb:29:in `request'\u001b[0m","     \u001b[36m# /home/ec2-user/.rvm/gems/ruby-2.6.3/gems/rack-test-1.1.0/lib/rack/test.rb:266:in `process_request'\u001b[0m","     \u001b[36m# /home/ec2-user/.rvm/gems/ruby-2.6.3/gems/rack-test-1.1.0/lib/rack/test.rb:129:in `custom_request'\u001b[0m","     \u001b[36m# /home/ec2-user/.rvm/gems/ruby-2.6.3/gems/rack-test-1.1.0/lib/rack/test.rb:66:in `post'\u001b[0m","     \u001b[36m# /home/ec2-user/.rvm/gems/ruby-2.6.3/gems/capybara-3.35.3/lib/capybara/rack_test/browser.rb:72:in `process'\u001b[0m","     \u001b[36m# /home/ec2-user/.rvm/gems/ruby-2.6.3/gems/capybara-3.35.3/lib/capybara/rack_test/browser.rb:47:in `process_and_follow_redirects'\u001b[0m","     \u001b[36m# /home/ec2-user/.rvm/gems/ruby-2.6.3/gems/capybara-3.35.3/lib/capybara/rack_test/browser.rb:36:in `submit'\u001b[0m","     \u001b[36m# /home/ec2-user/.rvm/gems/ruby-2.6.3/gems/capybara-3.35.3/lib/capybara/rack_test/form.rb:43:in `submit'\u001b[0m","     \u001b[36m# /home/ec2-user/.rvm/gems/ruby-2.6.3/gems/capybara-3.35.3/lib/capybara/rack_test/node.rb:75:in `click'\u001b[0m","     \u001b[36m# /home/ec2-user/.rvm/gems/ruby-2.6.3/gems/capybara-3.35.3/lib/capybara/rack_test/node.rb:137:in `block (2 levels) in <class:Node>'\u001b[0m","     \u001b[36m# /home/ec2-user/.rvm/gems/ruby-2.6.3/gems/capybara-3.35.3/lib/capybara/node/element.rb:172:in `block in click'\u001b[0m","     \u001b[36m# /home/ec2-user/.rvm/gems/ruby-2.6.3/gems/capybara-3.35.3/lib/capybara/node/element.rb:597:in `block in perform_click_action'\u001b[0m","     \u001b[36m# /home/ec2-user/.rvm/gems/ruby-2.6.3/gems/capybara-3.35.3/lib/capybara/node/base.rb:83:in `synchronize'\u001b[0m","     \u001b[36m# /home/ec2-user/.rvm/gems/ruby-2.6.3/gems/capybara-3.35.3/lib/capybara/node/element.rb:597:in `perform_click_action'\u001b[0m","     \u001b[36m# /home/ec2-user/.rvm/gems/ruby-2.6.3/gems/capybara-3.35.3/lib/capybara/node/element.rb:171:in `click'\u001b[0m","     \u001b[36m# /home/ec2-user/.rvm/gems/ruby-2.6.3/gems/capybara-3.35.3/lib/capybara/node/actions.rb:58:in `click_button'\u001b[0m","     \u001b[36m# /home/ec2-user/.rvm/gems/ruby-2.6.3/gems/capybara-3.35.3/lib/capybara/session.rb:768:in `block (2 levels) in <class:Session>'\u001b[0m","     \u001b[36m# /home/ec2-user/.rvm/gems/ruby-2.6.3/gems/capybara-3.35.3/lib/capybara/dsl.rb:58:in `block (2 levels) in <module:DSL>'\u001b[0m","     \u001b[36m# ./spec/system/books_spec.rb:155:in `block (4 levels) in <main>'\u001b[0m","","  6) 投稿のテスト 編集画面のテスト 更新処理に関するテスト 更新後のリダイレクト先は正しいか","     \u001b[31mFailure/Error: if @book.update()\u001b[0m","     \u001b[31m\u001b[0m","     \u001b[31mArgumentError:\u001b[0m","     \u001b[31m  wrong number of arguments (given 0, expected 1)\u001b[0m","     \u001b[36m# ./app/controllers/books_controller.rb:31:in `update'\u001b[0m","     \u001b[36m# /home/ec2-user/.rvm/gems/ruby-2.6.3/gems/rack-2.2.3/lib/rack/tempfile_reaper.rb:15:in `call'\u001b[0m","     \u001b[36m# /home/ec2-user/.rvm/gems/ruby-2.6.3/gems/rack-2.2.3/lib/rack/etag.rb:27:in `call'\u001b[0m","     \u001b[36m# /home/ec2-user/.rvm/gems/ruby-2.6.3/gems/rack-2.2.3/lib/rack/conditional_get.rb:40:in `call'\u001b[0m","     \u001b[36m# /home/ec2-user/.rvm/gems/ruby-2.6.3/gems/rack-2.2.3/lib/rack/head.rb:12:in `call'\u001b[0m","     \u001b[36m# /home/ec2-user/.rvm/gems/ruby-2.6.3/gems/rack-2.2.3/lib/rack/session/abstract/id.rb:266:in `context'\u001b[0m","     \u001b[36m# /home/ec2-user/.rvm/gems/ruby-2.6.3/gems/rack-2.2.3/lib/rack/session/abstract/id.rb:260:in `call'\u001b[0m","     \u001b[36m# /home/ec2-user/.rvm/gems/ruby-2.6.3/gems/railties-5.2.5/lib/rails/rack/logger.rb:38:in `call_app'\u001b[0m","     \u001b[36m# /home/ec2-user/.rvm/gems/ruby-2.6.3/gems/railties-5.2.5/lib/rails/rack/logger.rb:26:in `block in call'\u001b[0m","     \u001b[36m# /home/ec2-user/.rvm/gems/ruby-2.6.3/gems/railties-5.2.5/lib/rails/rack/logger.rb:26:in `call'\u001b[0m","     \u001b[36m# /home/ec2-user/.rvm/gems/ruby-2.6.3/gems/rack-2.2.3/lib/rack/method_override.rb:24:in `call'\u001b[0m","     \u001b[36m# /home/ec2-user/.rvm/gems/ruby-2.6.3/gems/rack-2.2.3/lib/rack/runtime.rb:22:in `call'\u001b[0m","     \u001b[36m# /home/ec2-user/.rvm/gems/ruby-2.6.3/gems/rack-2.2.3/lib/rack/sendfile.rb:110:in `call'\u001b[0m","     \u001b[36m# /home/ec2-user/.rvm/gems/ruby-2.6.3/gems/railties-5.2.5/lib/rails/engine.rb:524:in `call'\u001b[0m","     \u001b[36m# /home/ec2-user/.rvm/gems/ruby-2.6.3/gems/rack-2.2.3/lib/rack/urlmap.rb:74:in `block in call'\u001b[0m","     \u001b[36m# /home/ec2-user/.rvm/gems/ruby-2.6.3/gems/rack-2.2.3/lib/rack/urlmap.rb:58:in `each'\u001b[0m","     \u001b[36m# /home/ec2-user/.rvm/gems/ruby-2.6.3/gems/rack-2.2.3/lib/rack/urlmap.rb:58:in `call'\u001b[0m","     \u001b[36m# /home/ec2-user/.rvm/gems/ruby-2.6.3/gems/rack-2.2.3/lib/rack/builder.rb:244:in `call'\u001b[0m","     \u001b[36m# /home/ec2-user/.rvm/gems/ruby-2.6.3/gems/rack-test-1.1.0/lib/rack/mock_session.rb:29:in `request'\u001b[0m","     \u001b[36m# /home/ec2-user/.rvm/gems/ruby-2.6.3/gems/rack-test-1.1.0/lib/rack/test.rb:266:in `process_request'\u001b[0m","     \u001b[36m# /home/ec2-user/.rvm/gems/ruby-2.6.3/gems/rack-test-1.1.0/lib/rack/test.rb:129:in `custom_request'\u001b[0m","     \u001b[36m# /home/ec2-user/.rvm/gems/ruby-2.6.3/gems/rack-test-1.1.0/lib/rack/test.rb:66:in `post'\u001b[0m","     \u001b[36m# /home/ec2-user/.rvm/gems/ruby-2.6.3/gems/capybara-3.35.3/lib/capybara/rack_test/browser.rb:72:in `process'\u001b[0m","     \u001b[36m# /home/ec2-user/.rvm/gems/ruby-2.6.3/gems/capybara-3.35.3/lib/capybara/rack_test/browser.rb:47:in `process_and_follow_redirects'\u001b[0m","     \u001b[36m# /home/ec2-user/.rvm/gems/ruby-2.6.3/gems/capybara-3.35.3/lib/capybara/rack_test/browser.rb:36:in `submit'\u001b[0m","     \u001b[36m# /home/ec2-user/.rvm/gems/ruby-2.6.3/gems/capybara-3.35.3/lib/capybara/rack_test/form.rb:43:in `submit'\u001b[0m","     \u001b[36m# /home/ec2-user/.rvm/gems/ruby-2.6.3/gems/capybara-3.35.3/lib/capybara/rack_test/node.rb:75:in `click'\u001b[0m","     \u001b[36m# /home/ec2-user/.rvm/gems/ruby-2.6.3/gems/capybara-3.35.3/lib/capybara/rack_test/node.rb:137:in `block (2 levels) in <class:Node>'\u001b[0m","     \u001b[36m# /home/ec2-user/.rvm/gems/ruby-2.6.3/gems/capybara-3.35.3/lib/capybara/node/element.rb:172:in `block in click'\u001b[0m","     \u001b[36m# /home/ec2-user/.rvm/gems/ruby-2.6.3/gems/capybara-3.35.3/lib/capybara/node/element.rb:597:in `block in perform_click_action'\u001b[0m","     \u001b[36m# /home/ec2-user/.rvm/gems/ruby-2.6.3/gems/capybara-3.35.3/lib/capybara/node/base.rb:83:in `synchronize'\u001b[0m","     \u001b[36m# /home/ec2-user/.rvm/gems/ruby-2.6.3/gems/capybara-3.35.3/lib/capybara/node/element.rb:597:in `perform_click_action'\u001b[0m","     \u001b[36m# /home/ec2-user/.rvm/gems/ruby-2.6.3/gems/capybara-3.35.3/lib/capybara/node/element.rb:171:in `click'\u001b[0m","     \u001b[36m# /home/ec2-user/.rvm/gems/ruby-2.6.3/gems/capybara-3.35.3/lib/capybara/node/actions.rb:58:in `click_button'\u001b[0m","     \u001b[36m# /home/ec2-user/.rvm/gems/ruby-2.6.3/gems/capybara-3.35.3/lib/capybara/session.rb:768:in `block (2 levels) in <class:Session>'\u001b[0m","     \u001b[36m# /home/ec2-user/.rvm/gems/ruby-2.6.3/gems/capybara-3.35.3/lib/capybara/dsl.rb:58:in `block (2 levels) in <module:DSL>'\u001b[0m","     \u001b[36m# ./spec/system/books_spec.rb:161:in `block (4 levels) in <main>'\u001b[0m","","Finished in 4.12 seconds (files took 1.76 seconds to load)","\u001b[31m28 examples, 6 failures\u001b[0m","","Failed examples:","","\u001b[31mrspec ./spec/models/book_spec.rb:28\u001b[0m \u001b[36m# Book モデルに関するテスト titleを空白で投稿した場合に画面にエラーメッセージが表示されているか エラーメッセージは正しく表示されるか\u001b[0m","\u001b[31mrspec ./spec/models/book_spec.rb:38\u001b[0m \u001b[36m# Book モデルに関するテスト bodyを空白で投稿した場合に画面にエラーメッセージが表示されているか エラーメッセージは正しく表示されるか\u001b[0m","\u001b[31mrspec ./spec/system/books_spec.rb:62\u001b[0m \u001b[36m# 投稿のテスト 一覧画面のテスト 投稿処理に関するテスト 投稿に失敗する\u001b[0m","\u001b[31mrspec ./spec/system/books_spec.rb:146\u001b[0m \u001b[36m# 投稿のテスト 編集画面のテスト 更新処理に関するテスト 更新に成功しサクセスメッセージが表示されるか\u001b[0m","\u001b[31mrspec ./spec/system/books_spec.rb:152\u001b[0m \u001b[36m# 投稿のテスト 編集画面のテスト 更新処理に関するテスト 更新に失敗しエラーメッセージが表示されるか\u001b[0m","\u001b[31mrspec ./spec/system/books_spec.rb:158\u001b[0m \u001b[36m# 投稿のテスト 編集画面のテスト 更新処理に関するテスト 更新後のリダイレクト先は正しいか\u001b[0m","",""],"id":2}],[{"start":{"row":0,"column":0},"end":{"row":190,"column":0},"action":"insert","lines":["","Book モデルに関するテスト","  実際に保存してみる","\u001b[32m    有効な投稿内容の場合は保存されるか\u001b[0m","  空白のバリデーションチェック","\u001b[32m    titleが空白の場合にバリデーションチェックされ空白のエラーメッセージが返ってきているか\u001b[0m","\u001b[32m    bodyが空白の場合にバリデーションチェックされ空白のエラーメッセージが返ってきているか\u001b[0m","  titleを空白で投稿した場合に画面にエラーメッセージが表示されているか","\u001b[32m    エラーメッセージは正しく表示されるか\u001b[0m","  bodyを空白で投稿した場合に画面にエラーメッセージが表示されているか","\u001b[32m    エラーメッセージは正しく表示されるか\u001b[0m","","投稿のテスト","  トップ画面(root_path)のテスト","    表示の確認","\u001b[32m      トップ画面(root_path)に一覧ページへのリンクが表示されているか\u001b[0m","\u001b[32m      root_pathが\"/\"であるか\u001b[0m","  一覧画面のテスト","    一覧の表示とリンクの確認","\u001b[32m      bookの一覧表示(tableタグ)と投稿フォームが同一画面に表示されているか\u001b[0m","\u001b[32m      bookのタイトルと感想を表示し、詳細・編集・削除のリンクが表示されているか\u001b[0m","\u001b[32m      Create Bookボタンが表示される\u001b[0m","    投稿処理に関するテスト","\u001b[32m      投稿に成功しサクセスメッセージが表示されるか\u001b[0m","\u001b[32m      投稿に失敗する\u001b[0m","\u001b[32m      投稿後のリダイレクト先は正しいか\u001b[0m","    book削除のテスト","\u001b[32m      bookの削除\u001b[0m","  詳細画面のテスト","    表示の確認","\u001b[32m      本のタイトルと感想が画面に表示されていること\u001b[0m","\u001b[32m      Editリンクが表示される\u001b[0m","\u001b[32m      Backリンクが表示される\u001b[0m","    リンクの遷移先の確認","\u001b[32m      Editの遷移先は編集画面か\u001b[0m","\u001b[32m      Backの遷移先は一覧画面か\u001b[0m","  編集画面のテスト","    表示の確認","\u001b[32m      編集前のタイトルと感想がフォームに表示(セット)されている\u001b[0m","\u001b[32m      Update Bookボタンが表示される\u001b[0m","\u001b[32m      Showリンクが表示される\u001b[0m","\u001b[32m      Backリンクが表示される\u001b[0m","    リンクの遷移先の確認","\u001b[32m      Showの遷移先は詳細画面か\u001b[0m","\u001b[32m      Backの遷移先は一覧画面か\u001b[0m","    更新処理に関するテスト","\u001b[31m      更新に成功しサクセスメッセージが表示されるか (FAILED - 1)\u001b[0m","\u001b[31m      更新に失敗しエラーメッセージが表示されるか (FAILED - 2)\u001b[0m","\u001b[31m      更新後のリダイレクト先は正しいか (FAILED - 3)\u001b[0m","","Failures:","","  1) 投稿のテスト 編集画面のテスト 更新処理に関するテスト 更新に成功しサクセスメッセージが表示されるか","     \u001b[31mFailure/Error: if @book.update()\u001b[0m","     \u001b[31m\u001b[0m","     \u001b[31mArgumentError:\u001b[0m","     \u001b[31m  wrong number of arguments (given 0, expected 1)\u001b[0m","     \u001b[36m# ./app/controllers/books_controller.rb:31:in `update'\u001b[0m","     \u001b[36m# /home/ec2-user/.rvm/gems/ruby-2.6.3/gems/rack-2.2.3/lib/rack/tempfile_reaper.rb:15:in `call'\u001b[0m","     \u001b[36m# /home/ec2-user/.rvm/gems/ruby-2.6.3/gems/rack-2.2.3/lib/rack/etag.rb:27:in `call'\u001b[0m","     \u001b[36m# /home/ec2-user/.rvm/gems/ruby-2.6.3/gems/rack-2.2.3/lib/rack/conditional_get.rb:40:in `call'\u001b[0m","     \u001b[36m# /home/ec2-user/.rvm/gems/ruby-2.6.3/gems/rack-2.2.3/lib/rack/head.rb:12:in `call'\u001b[0m","     \u001b[36m# /home/ec2-user/.rvm/gems/ruby-2.6.3/gems/rack-2.2.3/lib/rack/session/abstract/id.rb:266:in `context'\u001b[0m","     \u001b[36m# /home/ec2-user/.rvm/gems/ruby-2.6.3/gems/rack-2.2.3/lib/rack/session/abstract/id.rb:260:in `call'\u001b[0m","     \u001b[36m# /home/ec2-user/.rvm/gems/ruby-2.6.3/gems/railties-5.2.5/lib/rails/rack/logger.rb:38:in `call_app'\u001b[0m","     \u001b[36m# /home/ec2-user/.rvm/gems/ruby-2.6.3/gems/railties-5.2.5/lib/rails/rack/logger.rb:26:in `block in call'\u001b[0m","     \u001b[36m# /home/ec2-user/.rvm/gems/ruby-2.6.3/gems/railties-5.2.5/lib/rails/rack/logger.rb:26:in `call'\u001b[0m","     \u001b[36m# /home/ec2-user/.rvm/gems/ruby-2.6.3/gems/rack-2.2.3/lib/rack/method_override.rb:24:in `call'\u001b[0m","     \u001b[36m# /home/ec2-user/.rvm/gems/ruby-2.6.3/gems/rack-2.2.3/lib/rack/runtime.rb:22:in `call'\u001b[0m","     \u001b[36m# /home/ec2-user/.rvm/gems/ruby-2.6.3/gems/rack-2.2.3/lib/rack/sendfile.rb:110:in `call'\u001b[0m","     \u001b[36m# /home/ec2-user/.rvm/gems/ruby-2.6.3/gems/railties-5.2.5/lib/rails/engine.rb:524:in `call'\u001b[0m","     \u001b[36m# /home/ec2-user/.rvm/gems/ruby-2.6.3/gems/rack-2.2.3/lib/rack/urlmap.rb:74:in `block in call'\u001b[0m","     \u001b[36m# /home/ec2-user/.rvm/gems/ruby-2.6.3/gems/rack-2.2.3/lib/rack/urlmap.rb:58:in `each'\u001b[0m","     \u001b[36m# /home/ec2-user/.rvm/gems/ruby-2.6.3/gems/rack-2.2.3/lib/rack/urlmap.rb:58:in `call'\u001b[0m","     \u001b[36m# /home/ec2-user/.rvm/gems/ruby-2.6.3/gems/rack-2.2.3/lib/rack/builder.rb:244:in `call'\u001b[0m","     \u001b[36m# /home/ec2-user/.rvm/gems/ruby-2.6.3/gems/rack-test-1.1.0/lib/rack/mock_session.rb:29:in `request'\u001b[0m","     \u001b[36m# /home/ec2-user/.rvm/gems/ruby-2.6.3/gems/rack-test-1.1.0/lib/rack/test.rb:266:in `process_request'\u001b[0m","     \u001b[36m# /home/ec2-user/.rvm/gems/ruby-2.6.3/gems/rack-test-1.1.0/lib/rack/test.rb:129:in `custom_request'\u001b[0m","     \u001b[36m# /home/ec2-user/.rvm/gems/ruby-2.6.3/gems/rack-test-1.1.0/lib/rack/test.rb:66:in `post'\u001b[0m","     \u001b[36m# /home/ec2-user/.rvm/gems/ruby-2.6.3/gems/capybara-3.35.3/lib/capybara/rack_test/browser.rb:72:in `process'\u001b[0m","     \u001b[36m# /home/ec2-user/.rvm/gems/ruby-2.6.3/gems/capybara-3.35.3/lib/capybara/rack_test/browser.rb:47:in `process_and_follow_redirects'\u001b[0m","     \u001b[36m# /home/ec2-user/.rvm/gems/ruby-2.6.3/gems/capybara-3.35.3/lib/capybara/rack_test/browser.rb:36:in `submit'\u001b[0m","     \u001b[36m# /home/ec2-user/.rvm/gems/ruby-2.6.3/gems/capybara-3.35.3/lib/capybara/rack_test/form.rb:43:in `submit'\u001b[0m","     \u001b[36m# /home/ec2-user/.rvm/gems/ruby-2.6.3/gems/capybara-3.35.3/lib/capybara/rack_test/node.rb:75:in `click'\u001b[0m","     \u001b[36m# /home/ec2-user/.rvm/gems/ruby-2.6.3/gems/capybara-3.35.3/lib/capybara/rack_test/node.rb:137:in `block (2 levels) in <class:Node>'\u001b[0m","     \u001b[36m# /home/ec2-user/.rvm/gems/ruby-2.6.3/gems/capybara-3.35.3/lib/capybara/node/element.rb:172:in `block in click'\u001b[0m","     \u001b[36m# /home/ec2-user/.rvm/gems/ruby-2.6.3/gems/capybara-3.35.3/lib/capybara/node/element.rb:597:in `block in perform_click_action'\u001b[0m","     \u001b[36m# /home/ec2-user/.rvm/gems/ruby-2.6.3/gems/capybara-3.35.3/lib/capybara/node/base.rb:83:in `synchronize'\u001b[0m","     \u001b[36m# /home/ec2-user/.rvm/gems/ruby-2.6.3/gems/capybara-3.35.3/lib/capybara/node/element.rb:597:in `perform_click_action'\u001b[0m","     \u001b[36m# /home/ec2-user/.rvm/gems/ruby-2.6.3/gems/capybara-3.35.3/lib/capybara/node/element.rb:171:in `click'\u001b[0m","     \u001b[36m# /home/ec2-user/.rvm/gems/ruby-2.6.3/gems/capybara-3.35.3/lib/capybara/node/actions.rb:58:in `click_button'\u001b[0m","     \u001b[36m# /home/ec2-user/.rvm/gems/ruby-2.6.3/gems/capybara-3.35.3/lib/capybara/session.rb:768:in `block (2 levels) in <class:Session>'\u001b[0m","     \u001b[36m# /home/ec2-user/.rvm/gems/ruby-2.6.3/gems/capybara-3.35.3/lib/capybara/dsl.rb:58:in `block (2 levels) in <module:DSL>'\u001b[0m","     \u001b[36m# ./spec/system/books_spec.rb:149:in `block (4 levels) in <main>'\u001b[0m","","  2) 投稿のテスト 編集画面のテスト 更新処理に関するテスト 更新に失敗しエラーメッセージが表示されるか","     \u001b[31mFailure/Error: if @book.update()\u001b[0m","     \u001b[31m\u001b[0m","     \u001b[31mArgumentError:\u001b[0m","     \u001b[31m  wrong number of arguments (given 0, expected 1)\u001b[0m","     \u001b[36m# ./app/controllers/books_controller.rb:31:in `update'\u001b[0m","     \u001b[36m# /home/ec2-user/.rvm/gems/ruby-2.6.3/gems/rack-2.2.3/lib/rack/tempfile_reaper.rb:15:in `call'\u001b[0m","     \u001b[36m# /home/ec2-user/.rvm/gems/ruby-2.6.3/gems/rack-2.2.3/lib/rack/etag.rb:27:in `call'\u001b[0m","     \u001b[36m# /home/ec2-user/.rvm/gems/ruby-2.6.3/gems/rack-2.2.3/lib/rack/conditional_get.rb:40:in `call'\u001b[0m","     \u001b[36m# /home/ec2-user/.rvm/gems/ruby-2.6.3/gems/rack-2.2.3/lib/rack/head.rb:12:in `call'\u001b[0m","     \u001b[36m# /home/ec2-user/.rvm/gems/ruby-2.6.3/gems/rack-2.2.3/lib/rack/session/abstract/id.rb:266:in `context'\u001b[0m","     \u001b[36m# /home/ec2-user/.rvm/gems/ruby-2.6.3/gems/rack-2.2.3/lib/rack/session/abstract/id.rb:260:in `call'\u001b[0m","     \u001b[36m# /home/ec2-user/.rvm/gems/ruby-2.6.3/gems/railties-5.2.5/lib/rails/rack/logger.rb:38:in `call_app'\u001b[0m","     \u001b[36m# /home/ec2-user/.rvm/gems/ruby-2.6.3/gems/railties-5.2.5/lib/rails/rack/logger.rb:26:in `block in call'\u001b[0m","     \u001b[36m# /home/ec2-user/.rvm/gems/ruby-2.6.3/gems/railties-5.2.5/lib/rails/rack/logger.rb:26:in `call'\u001b[0m","     \u001b[36m# /home/ec2-user/.rvm/gems/ruby-2.6.3/gems/rack-2.2.3/lib/rack/method_override.rb:24:in `call'\u001b[0m","     \u001b[36m# /home/ec2-user/.rvm/gems/ruby-2.6.3/gems/rack-2.2.3/lib/rack/runtime.rb:22:in `call'\u001b[0m","     \u001b[36m# /home/ec2-user/.rvm/gems/ruby-2.6.3/gems/rack-2.2.3/lib/rack/sendfile.rb:110:in `call'\u001b[0m","     \u001b[36m# /home/ec2-user/.rvm/gems/ruby-2.6.3/gems/railties-5.2.5/lib/rails/engine.rb:524:in `call'\u001b[0m","     \u001b[36m# /home/ec2-user/.rvm/gems/ruby-2.6.3/gems/rack-2.2.3/lib/rack/urlmap.rb:74:in `block in call'\u001b[0m","     \u001b[36m# /home/ec2-user/.rvm/gems/ruby-2.6.3/gems/rack-2.2.3/lib/rack/urlmap.rb:58:in `each'\u001b[0m","     \u001b[36m# /home/ec2-user/.rvm/gems/ruby-2.6.3/gems/rack-2.2.3/lib/rack/urlmap.rb:58:in `call'\u001b[0m","     \u001b[36m# /home/ec2-user/.rvm/gems/ruby-2.6.3/gems/rack-2.2.3/lib/rack/builder.rb:244:in `call'\u001b[0m","     \u001b[36m# /home/ec2-user/.rvm/gems/ruby-2.6.3/gems/rack-test-1.1.0/lib/rack/mock_session.rb:29:in `request'\u001b[0m","     \u001b[36m# /home/ec2-user/.rvm/gems/ruby-2.6.3/gems/rack-test-1.1.0/lib/rack/test.rb:266:in `process_request'\u001b[0m","     \u001b[36m# /home/ec2-user/.rvm/gems/ruby-2.6.3/gems/rack-test-1.1.0/lib/rack/test.rb:129:in `custom_request'\u001b[0m","     \u001b[36m# /home/ec2-user/.rvm/gems/ruby-2.6.3/gems/rack-test-1.1.0/lib/rack/test.rb:66:in `post'\u001b[0m","     \u001b[36m# /home/ec2-user/.rvm/gems/ruby-2.6.3/gems/capybara-3.35.3/lib/capybara/rack_test/browser.rb:72:in `process'\u001b[0m","     \u001b[36m# /home/ec2-user/.rvm/gems/ruby-2.6.3/gems/capybara-3.35.3/lib/capybara/rack_test/browser.rb:47:in `process_and_follow_redirects'\u001b[0m","     \u001b[36m# /home/ec2-user/.rvm/gems/ruby-2.6.3/gems/capybara-3.35.3/lib/capybara/rack_test/browser.rb:36:in `submit'\u001b[0m","     \u001b[36m# /home/ec2-user/.rvm/gems/ruby-2.6.3/gems/capybara-3.35.3/lib/capybara/rack_test/form.rb:43:in `submit'\u001b[0m","     \u001b[36m# /home/ec2-user/.rvm/gems/ruby-2.6.3/gems/capybara-3.35.3/lib/capybara/rack_test/node.rb:75:in `click'\u001b[0m","     \u001b[36m# /home/ec2-user/.rvm/gems/ruby-2.6.3/gems/capybara-3.35.3/lib/capybara/rack_test/node.rb:137:in `block (2 levels) in <class:Node>'\u001b[0m","     \u001b[36m# /home/ec2-user/.rvm/gems/ruby-2.6.3/gems/capybara-3.35.3/lib/capybara/node/element.rb:172:in `block in click'\u001b[0m","     \u001b[36m# /home/ec2-user/.rvm/gems/ruby-2.6.3/gems/capybara-3.35.3/lib/capybara/node/element.rb:597:in `block in perform_click_action'\u001b[0m","     \u001b[36m# /home/ec2-user/.rvm/gems/ruby-2.6.3/gems/capybara-3.35.3/lib/capybara/node/base.rb:83:in `synchronize'\u001b[0m","     \u001b[36m# /home/ec2-user/.rvm/gems/ruby-2.6.3/gems/capybara-3.35.3/lib/capybara/node/element.rb:597:in `perform_click_action'\u001b[0m","     \u001b[36m# /home/ec2-user/.rvm/gems/ruby-2.6.3/gems/capybara-3.35.3/lib/capybara/node/element.rb:171:in `click'\u001b[0m","     \u001b[36m# /home/ec2-user/.rvm/gems/ruby-2.6.3/gems/capybara-3.35.3/lib/capybara/node/actions.rb:58:in `click_button'\u001b[0m","     \u001b[36m# /home/ec2-user/.rvm/gems/ruby-2.6.3/gems/capybara-3.35.3/lib/capybara/session.rb:768:in `block (2 levels) in <class:Session>'\u001b[0m","     \u001b[36m# /home/ec2-user/.rvm/gems/ruby-2.6.3/gems/capybara-3.35.3/lib/capybara/dsl.rb:58:in `block (2 levels) in <module:DSL>'\u001b[0m","     \u001b[36m# ./spec/system/books_spec.rb:155:in `block (4 levels) in <main>'\u001b[0m","","  3) 投稿のテスト 編集画面のテスト 更新処理に関するテスト 更新後のリダイレクト先は正しいか","     \u001b[31mFailure/Error: if @book.update()\u001b[0m","     \u001b[31m\u001b[0m","     \u001b[31mArgumentError:\u001b[0m","     \u001b[31m  wrong number of arguments (given 0, expected 1)\u001b[0m","     \u001b[36m# ./app/controllers/books_controller.rb:31:in `update'\u001b[0m","     \u001b[36m# /home/ec2-user/.rvm/gems/ruby-2.6.3/gems/rack-2.2.3/lib/rack/tempfile_reaper.rb:15:in `call'\u001b[0m","     \u001b[36m# /home/ec2-user/.rvm/gems/ruby-2.6.3/gems/rack-2.2.3/lib/rack/etag.rb:27:in `call'\u001b[0m","     \u001b[36m# /home/ec2-user/.rvm/gems/ruby-2.6.3/gems/rack-2.2.3/lib/rack/conditional_get.rb:40:in `call'\u001b[0m","     \u001b[36m# /home/ec2-user/.rvm/gems/ruby-2.6.3/gems/rack-2.2.3/lib/rack/head.rb:12:in `call'\u001b[0m","     \u001b[36m# /home/ec2-user/.rvm/gems/ruby-2.6.3/gems/rack-2.2.3/lib/rack/session/abstract/id.rb:266:in `context'\u001b[0m","     \u001b[36m# /home/ec2-user/.rvm/gems/ruby-2.6.3/gems/rack-2.2.3/lib/rack/session/abstract/id.rb:260:in `call'\u001b[0m","     \u001b[36m# /home/ec2-user/.rvm/gems/ruby-2.6.3/gems/railties-5.2.5/lib/rails/rack/logger.rb:38:in `call_app'\u001b[0m","     \u001b[36m# /home/ec2-user/.rvm/gems/ruby-2.6.3/gems/railties-5.2.5/lib/rails/rack/logger.rb:26:in `block in call'\u001b[0m","     \u001b[36m# /home/ec2-user/.rvm/gems/ruby-2.6.3/gems/railties-5.2.5/lib/rails/rack/logger.rb:26:in `call'\u001b[0m","     \u001b[36m# /home/ec2-user/.rvm/gems/ruby-2.6.3/gems/rack-2.2.3/lib/rack/method_override.rb:24:in `call'\u001b[0m","     \u001b[36m# /home/ec2-user/.rvm/gems/ruby-2.6.3/gems/rack-2.2.3/lib/rack/runtime.rb:22:in `call'\u001b[0m","     \u001b[36m# /home/ec2-user/.rvm/gems/ruby-2.6.3/gems/rack-2.2.3/lib/rack/sendfile.rb:110:in `call'\u001b[0m","     \u001b[36m# /home/ec2-user/.rvm/gems/ruby-2.6.3/gems/railties-5.2.5/lib/rails/engine.rb:524:in `call'\u001b[0m","     \u001b[36m# /home/ec2-user/.rvm/gems/ruby-2.6.3/gems/rack-2.2.3/lib/rack/urlmap.rb:74:in `block in call'\u001b[0m","     \u001b[36m# /home/ec2-user/.rvm/gems/ruby-2.6.3/gems/rack-2.2.3/lib/rack/urlmap.rb:58:in `each'\u001b[0m","     \u001b[36m# /home/ec2-user/.rvm/gems/ruby-2.6.3/gems/rack-2.2.3/lib/rack/urlmap.rb:58:in `call'\u001b[0m","     \u001b[36m# /home/ec2-user/.rvm/gems/ruby-2.6.3/gems/rack-2.2.3/lib/rack/builder.rb:244:in `call'\u001b[0m","     \u001b[36m# /home/ec2-user/.rvm/gems/ruby-2.6.3/gems/rack-test-1.1.0/lib/rack/mock_session.rb:29:in `request'\u001b[0m","     \u001b[36m# /home/ec2-user/.rvm/gems/ruby-2.6.3/gems/rack-test-1.1.0/lib/rack/test.rb:266:in `process_request'\u001b[0m","     \u001b[36m# /home/ec2-user/.rvm/gems/ruby-2.6.3/gems/rack-test-1.1.0/lib/rack/test.rb:129:in `custom_request'\u001b[0m","     \u001b[36m# /home/ec2-user/.rvm/gems/ruby-2.6.3/gems/rack-test-1.1.0/lib/rack/test.rb:66:in `post'\u001b[0m","     \u001b[36m# /home/ec2-user/.rvm/gems/ruby-2.6.3/gems/capybara-3.35.3/lib/capybara/rack_test/browser.rb:72:in `process'\u001b[0m","     \u001b[36m# /home/ec2-user/.rvm/gems/ruby-2.6.3/gems/capybara-3.35.3/lib/capybara/rack_test/browser.rb:47:in `process_and_follow_redirects'\u001b[0m","     \u001b[36m# /home/ec2-user/.rvm/gems/ruby-2.6.3/gems/capybara-3.35.3/lib/capybara/rack_test/browser.rb:36:in `submit'\u001b[0m","     \u001b[36m# /home/ec2-user/.rvm/gems/ruby-2.6.3/gems/capybara-3.35.3/lib/capybara/rack_test/form.rb:43:in `submit'\u001b[0m","     \u001b[36m# /home/ec2-user/.rvm/gems/ruby-2.6.3/gems/capybara-3.35.3/lib/capybara/rack_test/node.rb:75:in `click'\u001b[0m","     \u001b[36m# /home/ec2-user/.rvm/gems/ruby-2.6.3/gems/capybara-3.35.3/lib/capybara/rack_test/node.rb:137:in `block (2 levels) in <class:Node>'\u001b[0m","     \u001b[36m# /home/ec2-user/.rvm/gems/ruby-2.6.3/gems/capybara-3.35.3/lib/capybara/node/element.rb:172:in `block in click'\u001b[0m","     \u001b[36m# /home/ec2-user/.rvm/gems/ruby-2.6.3/gems/capybara-3.35.3/lib/capybara/node/element.rb:597:in `block in perform_click_action'\u001b[0m","     \u001b[36m# /home/ec2-user/.rvm/gems/ruby-2.6.3/gems/capybara-3.35.3/lib/capybara/node/base.rb:83:in `synchronize'\u001b[0m","     \u001b[36m# /home/ec2-user/.rvm/gems/ruby-2.6.3/gems/capybara-3.35.3/lib/capybara/node/element.rb:597:in `perform_click_action'\u001b[0m","     \u001b[36m# /home/ec2-user/.rvm/gems/ruby-2.6.3/gems/capybara-3.35.3/lib/capybara/node/element.rb:171:in `click'\u001b[0m","     \u001b[36m# /home/ec2-user/.rvm/gems/ruby-2.6.3/gems/capybara-3.35.3/lib/capybara/node/actions.rb:58:in `click_button'\u001b[0m","     \u001b[36m# /home/ec2-user/.rvm/gems/ruby-2.6.3/gems/capybara-3.35.3/lib/capybara/session.rb:768:in `block (2 levels) in <class:Session>'\u001b[0m","     \u001b[36m# /home/ec2-user/.rvm/gems/ruby-2.6.3/gems/capybara-3.35.3/lib/capybara/dsl.rb:58:in `block (2 levels) in <module:DSL>'\u001b[0m","     \u001b[36m# ./spec/system/books_spec.rb:161:in `block (4 levels) in <main>'\u001b[0m","","Finished in 1.32 seconds (files took 1.02 seconds to load)","\u001b[31m28 examples, 3 failures\u001b[0m","","Failed examples:","","\u001b[31mrspec ./spec/system/books_spec.rb:146\u001b[0m \u001b[36m# 投稿のテスト 編集画面のテスト 更新処理に関するテスト 更新に成功しサクセスメッセージが表示されるか\u001b[0m","\u001b[31mrspec ./spec/system/books_spec.rb:152\u001b[0m \u001b[36m# 投稿のテスト 編集画面のテスト 更新処理に関するテスト 更新に失敗しエラーメッセージが表示されるか\u001b[0m","\u001b[31mrspec ./spec/system/books_spec.rb:158\u001b[0m \u001b[36m# 投稿のテスト 編集画面のテスト 更新処理に関するテスト 更新後のリダイレクト先は正しいか\u001b[0m","",""],"id":3,"ignore":true}],[{"start":{"row":0,"column":0},"end":{"row":190,"column":0},"action":"remove","lines":["","Book モデルに関するテスト","  実際に保存してみる","\u001b[32m    有効な投稿内容の場合は保存されるか\u001b[0m","  空白のバリデーションチェック","\u001b[32m    titleが空白の場合にバリデーションチェックされ空白のエラーメッセージが返ってきているか\u001b[0m","\u001b[32m    bodyが空白の場合にバリデーションチェックされ空白のエラーメッセージが返ってきているか\u001b[0m","  titleを空白で投稿した場合に画面にエラーメッセージが表示されているか","\u001b[32m    エラーメッセージは正しく表示されるか\u001b[0m","  bodyを空白で投稿した場合に画面にエラーメッセージが表示されているか","\u001b[32m    エラーメッセージは正しく表示されるか\u001b[0m","","投稿のテスト","  トップ画面(root_path)のテスト","    表示の確認","\u001b[32m      トップ画面(root_path)に一覧ページへのリンクが表示されているか\u001b[0m","\u001b[32m      root_pathが\"/\"であるか\u001b[0m","  一覧画面のテスト","    一覧の表示とリンクの確認","\u001b[32m      bookの一覧表示(tableタグ)と投稿フォームが同一画面に表示されているか\u001b[0m","\u001b[32m      bookのタイトルと感想を表示し、詳細・編集・削除のリンクが表示されているか\u001b[0m","\u001b[32m      Create Bookボタンが表示される\u001b[0m","    投稿処理に関するテスト","\u001b[32m      投稿に成功しサクセスメッセージが表示されるか\u001b[0m","\u001b[32m      投稿に失敗する\u001b[0m","\u001b[32m      投稿後のリダイレクト先は正しいか\u001b[0m","    book削除のテスト","\u001b[32m      bookの削除\u001b[0m","  詳細画面のテスト","    表示の確認","\u001b[32m      本のタイトルと感想が画面に表示されていること\u001b[0m","\u001b[32m      Editリンクが表示される\u001b[0m","\u001b[32m      Backリンクが表示される\u001b[0m","    リンクの遷移先の確認","\u001b[32m      Editの遷移先は編集画面か\u001b[0m","\u001b[32m      Backの遷移先は一覧画面か\u001b[0m","  編集画面のテスト","    表示の確認","\u001b[32m      編集前のタイトルと感想がフォームに表示(セット)されている\u001b[0m","\u001b[32m      Update Bookボタンが表示される\u001b[0m","\u001b[32m      Showリンクが表示される\u001b[0m","\u001b[32m      Backリンクが表示される\u001b[0m","    リンクの遷移先の確認","\u001b[32m      Showの遷移先は詳細画面か\u001b[0m","\u001b[32m      Backの遷移先は一覧画面か\u001b[0m","    更新処理に関するテスト","\u001b[31m      更新に成功しサクセスメッセージが表示されるか (FAILED - 1)\u001b[0m","\u001b[31m      更新に失敗しエラーメッセージが表示されるか (FAILED - 2)\u001b[0m","\u001b[31m      更新後のリダイレクト先は正しいか (FAILED - 3)\u001b[0m","","Failures:","","  1) 投稿のテスト 編集画面のテスト 更新処理に関するテスト 更新に成功しサクセスメッセージが表示されるか","     \u001b[31mFailure/Error: if @book.update()\u001b[0m","     \u001b[31m\u001b[0m","     \u001b[31mArgumentError:\u001b[0m","     \u001b[31m  wrong number of arguments (given 0, expected 1)\u001b[0m","     \u001b[36m# ./app/controllers/books_controller.rb:31:in `update'\u001b[0m","     \u001b[36m# /home/ec2-user/.rvm/gems/ruby-2.6.3/gems/rack-2.2.3/lib/rack/tempfile_reaper.rb:15:in `call'\u001b[0m","     \u001b[36m# /home/ec2-user/.rvm/gems/ruby-2.6.3/gems/rack-2.2.3/lib/rack/etag.rb:27:in `call'\u001b[0m","     \u001b[36m# /home/ec2-user/.rvm/gems/ruby-2.6.3/gems/rack-2.2.3/lib/rack/conditional_get.rb:40:in `call'\u001b[0m","     \u001b[36m# /home/ec2-user/.rvm/gems/ruby-2.6.3/gems/rack-2.2.3/lib/rack/head.rb:12:in `call'\u001b[0m","     \u001b[36m# /home/ec2-user/.rvm/gems/ruby-2.6.3/gems/rack-2.2.3/lib/rack/session/abstract/id.rb:266:in `context'\u001b[0m","     \u001b[36m# /home/ec2-user/.rvm/gems/ruby-2.6.3/gems/rack-2.2.3/lib/rack/session/abstract/id.rb:260:in `call'\u001b[0m","     \u001b[36m# /home/ec2-user/.rvm/gems/ruby-2.6.3/gems/railties-5.2.5/lib/rails/rack/logger.rb:38:in `call_app'\u001b[0m","     \u001b[36m# /home/ec2-user/.rvm/gems/ruby-2.6.3/gems/railties-5.2.5/lib/rails/rack/logger.rb:26:in `block in call'\u001b[0m","     \u001b[36m# /home/ec2-user/.rvm/gems/ruby-2.6.3/gems/railties-5.2.5/lib/rails/rack/logger.rb:26:in `call'\u001b[0m","     \u001b[36m# /home/ec2-user/.rvm/gems/ruby-2.6.3/gems/rack-2.2.3/lib/rack/method_override.rb:24:in `call'\u001b[0m","     \u001b[36m# /home/ec2-user/.rvm/gems/ruby-2.6.3/gems/rack-2.2.3/lib/rack/runtime.rb:22:in `call'\u001b[0m","     \u001b[36m# /home/ec2-user/.rvm/gems/ruby-2.6.3/gems/rack-2.2.3/lib/rack/sendfile.rb:110:in `call'\u001b[0m","     \u001b[36m# /home/ec2-user/.rvm/gems/ruby-2.6.3/gems/railties-5.2.5/lib/rails/engine.rb:524:in `call'\u001b[0m","     \u001b[36m# /home/ec2-user/.rvm/gems/ruby-2.6.3/gems/rack-2.2.3/lib/rack/urlmap.rb:74:in `block in call'\u001b[0m","     \u001b[36m# /home/ec2-user/.rvm/gems/ruby-2.6.3/gems/rack-2.2.3/lib/rack/urlmap.rb:58:in `each'\u001b[0m","     \u001b[36m# /home/ec2-user/.rvm/gems/ruby-2.6.3/gems/rack-2.2.3/lib/rack/urlmap.rb:58:in `call'\u001b[0m","     \u001b[36m# /home/ec2-user/.rvm/gems/ruby-2.6.3/gems/rack-2.2.3/lib/rack/builder.rb:244:in `call'\u001b[0m","     \u001b[36m# /home/ec2-user/.rvm/gems/ruby-2.6.3/gems/rack-test-1.1.0/lib/rack/mock_session.rb:29:in `request'\u001b[0m","     \u001b[36m# /home/ec2-user/.rvm/gems/ruby-2.6.3/gems/rack-test-1.1.0/lib/rack/test.rb:266:in `process_request'\u001b[0m","     \u001b[36m# /home/ec2-user/.rvm/gems/ruby-2.6.3/gems/rack-test-1.1.0/lib/rack/test.rb:129:in `custom_request'\u001b[0m","     \u001b[36m# /home/ec2-user/.rvm/gems/ruby-2.6.3/gems/rack-test-1.1.0/lib/rack/test.rb:66:in `post'\u001b[0m","     \u001b[36m# /home/ec2-user/.rvm/gems/ruby-2.6.3/gems/capybara-3.35.3/lib/capybara/rack_test/browser.rb:72:in `process'\u001b[0m","     \u001b[36m# /home/ec2-user/.rvm/gems/ruby-2.6.3/gems/capybara-3.35.3/lib/capybara/rack_test/browser.rb:47:in `process_and_follow_redirects'\u001b[0m","     \u001b[36m# /home/ec2-user/.rvm/gems/ruby-2.6.3/gems/capybara-3.35.3/lib/capybara/rack_test/browser.rb:36:in `submit'\u001b[0m","     \u001b[36m# /home/ec2-user/.rvm/gems/ruby-2.6.3/gems/capybara-3.35.3/lib/capybara/rack_test/form.rb:43:in `submit'\u001b[0m","     \u001b[36m# /home/ec2-user/.rvm/gems/ruby-2.6.3/gems/capybara-3.35.3/lib/capybara/rack_test/node.rb:75:in `click'\u001b[0m","     \u001b[36m# /home/ec2-user/.rvm/gems/ruby-2.6.3/gems/capybara-3.35.3/lib/capybara/rack_test/node.rb:137:in `block (2 levels) in <class:Node>'\u001b[0m","     \u001b[36m# /home/ec2-user/.rvm/gems/ruby-2.6.3/gems/capybara-3.35.3/lib/capybara/node/element.rb:172:in `block in click'\u001b[0m","     \u001b[36m# /home/ec2-user/.rvm/gems/ruby-2.6.3/gems/capybara-3.35.3/lib/capybara/node/element.rb:597:in `block in perform_click_action'\u001b[0m","     \u001b[36m# /home/ec2-user/.rvm/gems/ruby-2.6.3/gems/capybara-3.35.3/lib/capybara/node/base.rb:83:in `synchronize'\u001b[0m","     \u001b[36m# /home/ec2-user/.rvm/gems/ruby-2.6.3/gems/capybara-3.35.3/lib/capybara/node/element.rb:597:in `perform_click_action'\u001b[0m","     \u001b[36m# /home/ec2-user/.rvm/gems/ruby-2.6.3/gems/capybara-3.35.3/lib/capybara/node/element.rb:171:in `click'\u001b[0m","     \u001b[36m# /home/ec2-user/.rvm/gems/ruby-2.6.3/gems/capybara-3.35.3/lib/capybara/node/actions.rb:58:in `click_button'\u001b[0m","     \u001b[36m# /home/ec2-user/.rvm/gems/ruby-2.6.3/gems/capybara-3.35.3/lib/capybara/session.rb:768:in `block (2 levels) in <class:Session>'\u001b[0m","     \u001b[36m# /home/ec2-user/.rvm/gems/ruby-2.6.3/gems/capybara-3.35.3/lib/capybara/dsl.rb:58:in `block (2 levels) in <module:DSL>'\u001b[0m","     \u001b[36m# ./spec/system/books_spec.rb:149:in `block (4 levels) in <main>'\u001b[0m","","  2) 投稿のテスト 編集画面のテスト 更新処理に関するテスト 更新に失敗しエラーメッセージが表示されるか","     \u001b[31mFailure/Error: if @book.update()\u001b[0m","     \u001b[31m\u001b[0m","     \u001b[31mArgumentError:\u001b[0m","     \u001b[31m  wrong number of arguments (given 0, expected 1)\u001b[0m","     \u001b[36m# ./app/controllers/books_controller.rb:31:in `update'\u001b[0m","     \u001b[36m# /home/ec2-user/.rvm/gems/ruby-2.6.3/gems/rack-2.2.3/lib/rack/tempfile_reaper.rb:15:in `call'\u001b[0m","     \u001b[36m# /home/ec2-user/.rvm/gems/ruby-2.6.3/gems/rack-2.2.3/lib/rack/etag.rb:27:in `call'\u001b[0m","     \u001b[36m# /home/ec2-user/.rvm/gems/ruby-2.6.3/gems/rack-2.2.3/lib/rack/conditional_get.rb:40:in `call'\u001b[0m","     \u001b[36m# /home/ec2-user/.rvm/gems/ruby-2.6.3/gems/rack-2.2.3/lib/rack/head.rb:12:in `call'\u001b[0m","     \u001b[36m# /home/ec2-user/.rvm/gems/ruby-2.6.3/gems/rack-2.2.3/lib/rack/session/abstract/id.rb:266:in `context'\u001b[0m","     \u001b[36m# /home/ec2-user/.rvm/gems/ruby-2.6.3/gems/rack-2.2.3/lib/rack/session/abstract/id.rb:260:in `call'\u001b[0m","     \u001b[36m# /home/ec2-user/.rvm/gems/ruby-2.6.3/gems/railties-5.2.5/lib/rails/rack/logger.rb:38:in `call_app'\u001b[0m","     \u001b[36m# /home/ec2-user/.rvm/gems/ruby-2.6.3/gems/railties-5.2.5/lib/rails/rack/logger.rb:26:in `block in call'\u001b[0m","     \u001b[36m# /home/ec2-user/.rvm/gems/ruby-2.6.3/gems/railties-5.2.5/lib/rails/rack/logger.rb:26:in `call'\u001b[0m","     \u001b[36m# /home/ec2-user/.rvm/gems/ruby-2.6.3/gems/rack-2.2.3/lib/rack/method_override.rb:24:in `call'\u001b[0m","     \u001b[36m# /home/ec2-user/.rvm/gems/ruby-2.6.3/gems/rack-2.2.3/lib/rack/runtime.rb:22:in `call'\u001b[0m","     \u001b[36m# /home/ec2-user/.rvm/gems/ruby-2.6.3/gems/rack-2.2.3/lib/rack/sendfile.rb:110:in `call'\u001b[0m","     \u001b[36m# /home/ec2-user/.rvm/gems/ruby-2.6.3/gems/railties-5.2.5/lib/rails/engine.rb:524:in `call'\u001b[0m","     \u001b[36m# /home/ec2-user/.rvm/gems/ruby-2.6.3/gems/rack-2.2.3/lib/rack/urlmap.rb:74:in `block in call'\u001b[0m","     \u001b[36m# /home/ec2-user/.rvm/gems/ruby-2.6.3/gems/rack-2.2.3/lib/rack/urlmap.rb:58:in `each'\u001b[0m","     \u001b[36m# /home/ec2-user/.rvm/gems/ruby-2.6.3/gems/rack-2.2.3/lib/rack/urlmap.rb:58:in `call'\u001b[0m","     \u001b[36m# /home/ec2-user/.rvm/gems/ruby-2.6.3/gems/rack-2.2.3/lib/rack/builder.rb:244:in `call'\u001b[0m","     \u001b[36m# /home/ec2-user/.rvm/gems/ruby-2.6.3/gems/rack-test-1.1.0/lib/rack/mock_session.rb:29:in `request'\u001b[0m","     \u001b[36m# /home/ec2-user/.rvm/gems/ruby-2.6.3/gems/rack-test-1.1.0/lib/rack/test.rb:266:in `process_request'\u001b[0m","     \u001b[36m# /home/ec2-user/.rvm/gems/ruby-2.6.3/gems/rack-test-1.1.0/lib/rack/test.rb:129:in `custom_request'\u001b[0m","     \u001b[36m# /home/ec2-user/.rvm/gems/ruby-2.6.3/gems/rack-test-1.1.0/lib/rack/test.rb:66:in `post'\u001b[0m","     \u001b[36m# /home/ec2-user/.rvm/gems/ruby-2.6.3/gems/capybara-3.35.3/lib/capybara/rack_test/browser.rb:72:in `process'\u001b[0m","     \u001b[36m# /home/ec2-user/.rvm/gems/ruby-2.6.3/gems/capybara-3.35.3/lib/capybara/rack_test/browser.rb:47:in `process_and_follow_redirects'\u001b[0m","     \u001b[36m# /home/ec2-user/.rvm/gems/ruby-2.6.3/gems/capybara-3.35.3/lib/capybara/rack_test/browser.rb:36:in `submit'\u001b[0m","     \u001b[36m# /home/ec2-user/.rvm/gems/ruby-2.6.3/gems/capybara-3.35.3/lib/capybara/rack_test/form.rb:43:in `submit'\u001b[0m","     \u001b[36m# /home/ec2-user/.rvm/gems/ruby-2.6.3/gems/capybara-3.35.3/lib/capybara/rack_test/node.rb:75:in `click'\u001b[0m","     \u001b[36m# /home/ec2-user/.rvm/gems/ruby-2.6.3/gems/capybara-3.35.3/lib/capybara/rack_test/node.rb:137:in `block (2 levels) in <class:Node>'\u001b[0m","     \u001b[36m# /home/ec2-user/.rvm/gems/ruby-2.6.3/gems/capybara-3.35.3/lib/capybara/node/element.rb:172:in `block in click'\u001b[0m","     \u001b[36m# /home/ec2-user/.rvm/gems/ruby-2.6.3/gems/capybara-3.35.3/lib/capybara/node/element.rb:597:in `block in perform_click_action'\u001b[0m","     \u001b[36m# /home/ec2-user/.rvm/gems/ruby-2.6.3/gems/capybara-3.35.3/lib/capybara/node/base.rb:83:in `synchronize'\u001b[0m","     \u001b[36m# /home/ec2-user/.rvm/gems/ruby-2.6.3/gems/capybara-3.35.3/lib/capybara/node/element.rb:597:in `perform_click_action'\u001b[0m","     \u001b[36m# /home/ec2-user/.rvm/gems/ruby-2.6.3/gems/capybara-3.35.3/lib/capybara/node/element.rb:171:in `click'\u001b[0m","     \u001b[36m# /home/ec2-user/.rvm/gems/ruby-2.6.3/gems/capybara-3.35.3/lib/capybara/node/actions.rb:58:in `click_button'\u001b[0m","     \u001b[36m# /home/ec2-user/.rvm/gems/ruby-2.6.3/gems/capybara-3.35.3/lib/capybara/session.rb:768:in `block (2 levels) in <class:Session>'\u001b[0m","     \u001b[36m# /home/ec2-user/.rvm/gems/ruby-2.6.3/gems/capybara-3.35.3/lib/capybara/dsl.rb:58:in `block (2 levels) in <module:DSL>'\u001b[0m","     \u001b[36m# ./spec/system/books_spec.rb:155:in `block (4 levels) in <main>'\u001b[0m","","  3) 投稿のテスト 編集画面のテスト 更新処理に関するテスト 更新後のリダイレクト先は正しいか","     \u001b[31mFailure/Error: if @book.update()\u001b[0m","     \u001b[31m\u001b[0m","     \u001b[31mArgumentError:\u001b[0m","     \u001b[31m  wrong number of arguments (given 0, expected 1)\u001b[0m","     \u001b[36m# ./app/controllers/books_controller.rb:31:in `update'\u001b[0m","     \u001b[36m# /home/ec2-user/.rvm/gems/ruby-2.6.3/gems/rack-2.2.3/lib/rack/tempfile_reaper.rb:15:in `call'\u001b[0m","     \u001b[36m# /home/ec2-user/.rvm/gems/ruby-2.6.3/gems/rack-2.2.3/lib/rack/etag.rb:27:in `call'\u001b[0m","     \u001b[36m# /home/ec2-user/.rvm/gems/ruby-2.6.3/gems/rack-2.2.3/lib/rack/conditional_get.rb:40:in `call'\u001b[0m","     \u001b[36m# /home/ec2-user/.rvm/gems/ruby-2.6.3/gems/rack-2.2.3/lib/rack/head.rb:12:in `call'\u001b[0m","     \u001b[36m# /home/ec2-user/.rvm/gems/ruby-2.6.3/gems/rack-2.2.3/lib/rack/session/abstract/id.rb:266:in `context'\u001b[0m","     \u001b[36m# /home/ec2-user/.rvm/gems/ruby-2.6.3/gems/rack-2.2.3/lib/rack/session/abstract/id.rb:260:in `call'\u001b[0m","     \u001b[36m# /home/ec2-user/.rvm/gems/ruby-2.6.3/gems/railties-5.2.5/lib/rails/rack/logger.rb:38:in `call_app'\u001b[0m","     \u001b[36m# /home/ec2-user/.rvm/gems/ruby-2.6.3/gems/railties-5.2.5/lib/rails/rack/logger.rb:26:in `block in call'\u001b[0m","     \u001b[36m# /home/ec2-user/.rvm/gems/ruby-2.6.3/gems/railties-5.2.5/lib/rails/rack/logger.rb:26:in `call'\u001b[0m","     \u001b[36m# /home/ec2-user/.rvm/gems/ruby-2.6.3/gems/rack-2.2.3/lib/rack/method_override.rb:24:in `call'\u001b[0m","     \u001b[36m# /home/ec2-user/.rvm/gems/ruby-2.6.3/gems/rack-2.2.3/lib/rack/runtime.rb:22:in `call'\u001b[0m","     \u001b[36m# /home/ec2-user/.rvm/gems/ruby-2.6.3/gems/rack-2.2.3/lib/rack/sendfile.rb:110:in `call'\u001b[0m","     \u001b[36m# /home/ec2-user/.rvm/gems/ruby-2.6.3/gems/railties-5.2.5/lib/rails/engine.rb:524:in `call'\u001b[0m","     \u001b[36m# /home/ec2-user/.rvm/gems/ruby-2.6.3/gems/rack-2.2.3/lib/rack/urlmap.rb:74:in `block in call'\u001b[0m","     \u001b[36m# /home/ec2-user/.rvm/gems/ruby-2.6.3/gems/rack-2.2.3/lib/rack/urlmap.rb:58:in `each'\u001b[0m","     \u001b[36m# /home/ec2-user/.rvm/gems/ruby-2.6.3/gems/rack-2.2.3/lib/rack/urlmap.rb:58:in `call'\u001b[0m","     \u001b[36m# /home/ec2-user/.rvm/gems/ruby-2.6.3/gems/rack-2.2.3/lib/rack/builder.rb:244:in `call'\u001b[0m","     \u001b[36m# /home/ec2-user/.rvm/gems/ruby-2.6.3/gems/rack-test-1.1.0/lib/rack/mock_session.rb:29:in `request'\u001b[0m","     \u001b[36m# /home/ec2-user/.rvm/gems/ruby-2.6.3/gems/rack-test-1.1.0/lib/rack/test.rb:266:in `process_request'\u001b[0m","     \u001b[36m# /home/ec2-user/.rvm/gems/ruby-2.6.3/gems/rack-test-1.1.0/lib/rack/test.rb:129:in `custom_request'\u001b[0m","     \u001b[36m# /home/ec2-user/.rvm/gems/ruby-2.6.3/gems/rack-test-1.1.0/lib/rack/test.rb:66:in `post'\u001b[0m","     \u001b[36m# /home/ec2-user/.rvm/gems/ruby-2.6.3/gems/capybara-3.35.3/lib/capybara/rack_test/browser.rb:72:in `process'\u001b[0m","     \u001b[36m# /home/ec2-user/.rvm/gems/ruby-2.6.3/gems/capybara-3.35.3/lib/capybara/rack_test/browser.rb:47:in `process_and_follow_redirects'\u001b[0m","     \u001b[36m# /home/ec2-user/.rvm/gems/ruby-2.6.3/gems/capybara-3.35.3/lib/capybara/rack_test/browser.rb:36:in `submit'\u001b[0m","     \u001b[36m# /home/ec2-user/.rvm/gems/ruby-2.6.3/gems/capybara-3.35.3/lib/capybara/rack_test/form.rb:43:in `submit'\u001b[0m","     \u001b[36m# /home/ec2-user/.rvm/gems/ruby-2.6.3/gems/capybara-3.35.3/lib/capybara/rack_test/node.rb:75:in `click'\u001b[0m","     \u001b[36m# /home/ec2-user/.rvm/gems/ruby-2.6.3/gems/capybara-3.35.3/lib/capybara/rack_test/node.rb:137:in `block (2 levels) in <class:Node>'\u001b[0m","     \u001b[36m# /home/ec2-user/.rvm/gems/ruby-2.6.3/gems/capybara-3.35.3/lib/capybara/node/element.rb:172:in `block in click'\u001b[0m","     \u001b[36m# /home/ec2-user/.rvm/gems/ruby-2.6.3/gems/capybara-3.35.3/lib/capybara/node/element.rb:597:in `block in perform_click_action'\u001b[0m","     \u001b[36m# /home/ec2-user/.rvm/gems/ruby-2.6.3/gems/capybara-3.35.3/lib/capybara/node/base.rb:83:in `synchronize'\u001b[0m","     \u001b[36m# /home/ec2-user/.rvm/gems/ruby-2.6.3/gems/capybara-3.35.3/lib/capybara/node/element.rb:597:in `perform_click_action'\u001b[0m","     \u001b[36m# /home/ec2-user/.rvm/gems/ruby-2.6.3/gems/capybara-3.35.3/lib/capybara/node/element.rb:171:in `click'\u001b[0m","     \u001b[36m# /home/ec2-user/.rvm/gems/ruby-2.6.3/gems/capybara-3.35.3/lib/capybara/node/actions.rb:58:in `click_button'\u001b[0m","     \u001b[36m# /home/ec2-user/.rvm/gems/ruby-2.6.3/gems/capybara-3.35.3/lib/capybara/session.rb:768:in `block (2 levels) in <class:Session>'\u001b[0m","     \u001b[36m# /home/ec2-user/.rvm/gems/ruby-2.6.3/gems/capybara-3.35.3/lib/capybara/dsl.rb:58:in `block (2 levels) in <module:DSL>'\u001b[0m","     \u001b[36m# ./spec/system/books_spec.rb:161:in `block (4 levels) in <main>'\u001b[0m","","Finished in 1.32 seconds (files took 1.02 seconds to load)","\u001b[31m28 examples, 3 failures\u001b[0m","","Failed examples:","","\u001b[31mrspec ./spec/system/books_spec.rb:146\u001b[0m \u001b[36m# 投稿のテスト 編集画面のテスト 更新処理に関するテスト 更新に成功しサクセスメッセージが表示されるか\u001b[0m","\u001b[31mrspec ./spec/system/books_spec.rb:152\u001b[0m \u001b[36m# 投稿のテスト 編集画面のテスト 更新処理に関するテスト 更新に失敗しエラーメッセージが表示されるか\u001b[0m","\u001b[31mrspec ./spec/system/books_spec.rb:158\u001b[0m \u001b[36m# 投稿のテスト 編集画面のテスト 更新処理に関するテスト 更新後のリダイレクト先は正しいか\u001b[0m","",""],"id":4,"ignore":true}],[{"start":{"row":0,"column":0},"end":{"row":190,"column":0},"action":"insert","lines":["","Book モデルに関するテスト","  実際に保存してみる","\u001b[32m    有効な投稿内容の場合は保存されるか\u001b[0m","  空白のバリデーションチェック","\u001b[32m    titleが空白の場合にバリデーションチェックされ空白のエラーメッセージが返ってきているか\u001b[0m","\u001b[32m    bodyが空白の場合にバリデーションチェックされ空白のエラーメッセージが返ってきているか\u001b[0m","  titleを空白で投稿した場合に画面にエラーメッセージが表示されているか","\u001b[32m    エラーメッセージは正しく表示されるか\u001b[0m","  bodyを空白で投稿した場合に画面にエラーメッセージが表示されているか","\u001b[32m    エラーメッセージは正しく表示されるか\u001b[0m","","投稿のテスト","  トップ画面(root_path)のテスト","    表示の確認","\u001b[32m      トップ画面(root_path)に一覧ページへのリンクが表示されているか\u001b[0m","\u001b[32m      root_pathが\"/\"であるか\u001b[0m","  一覧画面のテスト","    一覧の表示とリンクの確認","\u001b[32m      bookの一覧表示(tableタグ)と投稿フォームが同一画面に表示されているか\u001b[0m","\u001b[32m      bookのタイトルと感想を表示し、詳細・編集・削除のリンクが表示されているか\u001b[0m","\u001b[32m      Create Bookボタンが表示される\u001b[0m","    投稿処理に関するテスト","\u001b[32m      投稿に成功しサクセスメッセージが表示されるか\u001b[0m","\u001b[32m      投稿に失敗する\u001b[0m","\u001b[32m      投稿後のリダイレクト先は正しいか\u001b[0m","    book削除のテスト","\u001b[32m      bookの削除\u001b[0m","  詳細画面のテスト","    表示の確認","\u001b[32m      本のタイトルと感想が画面に表示されていること\u001b[0m","\u001b[32m      Editリンクが表示される\u001b[0m","\u001b[32m      Backリンクが表示される\u001b[0m","    リンクの遷移先の確認","\u001b[32m      Editの遷移先は編集画面か\u001b[0m","\u001b[32m      Backの遷移先は一覧画面か\u001b[0m","  編集画面のテスト","    表示の確認","\u001b[32m      編集前のタイトルと感想がフォームに表示(セット)されている\u001b[0m","\u001b[32m      Update Bookボタンが表示される\u001b[0m","\u001b[32m      Showリンクが表示される\u001b[0m","\u001b[32m      Backリンクが表示される\u001b[0m","    リンクの遷移先の確認","\u001b[32m      Showの遷移先は詳細画面か\u001b[0m","\u001b[32m      Backの遷移先は一覧画面か\u001b[0m","    更新処理に関するテスト","\u001b[31m      更新に成功しサクセスメッセージが表示されるか (FAILED - 1)\u001b[0m","\u001b[31m      更新に失敗しエラーメッセージが表示されるか (FAILED - 2)\u001b[0m","\u001b[31m      更新後のリダイレクト先は正しいか (FAILED - 3)\u001b[0m","","Failures:","","  1) 投稿のテスト 編集画面のテスト 更新処理に関するテスト 更新に成功しサクセスメッセージが表示されるか","     \u001b[31mFailure/Error: if @book.update\u001b[0m","     \u001b[31m\u001b[0m","     \u001b[31mArgumentError:\u001b[0m","     \u001b[31m  wrong number of arguments (given 0, expected 1)\u001b[0m","     \u001b[36m# ./app/controllers/books_controller.rb:31:in `update'\u001b[0m","     \u001b[36m# /home/ec2-user/.rvm/gems/ruby-2.6.3/gems/rack-2.2.3/lib/rack/tempfile_reaper.rb:15:in `call'\u001b[0m","     \u001b[36m# /home/ec2-user/.rvm/gems/ruby-2.6.3/gems/rack-2.2.3/lib/rack/etag.rb:27:in `call'\u001b[0m","     \u001b[36m# /home/ec2-user/.rvm/gems/ruby-2.6.3/gems/rack-2.2.3/lib/rack/conditional_get.rb:40:in `call'\u001b[0m","     \u001b[36m# /home/ec2-user/.rvm/gems/ruby-2.6.3/gems/rack-2.2.3/lib/rack/head.rb:12:in `call'\u001b[0m","     \u001b[36m# /home/ec2-user/.rvm/gems/ruby-2.6.3/gems/rack-2.2.3/lib/rack/session/abstract/id.rb:266:in `context'\u001b[0m","     \u001b[36m# /home/ec2-user/.rvm/gems/ruby-2.6.3/gems/rack-2.2.3/lib/rack/session/abstract/id.rb:260:in `call'\u001b[0m","     \u001b[36m# /home/ec2-user/.rvm/gems/ruby-2.6.3/gems/railties-5.2.5/lib/rails/rack/logger.rb:38:in `call_app'\u001b[0m","     \u001b[36m# /home/ec2-user/.rvm/gems/ruby-2.6.3/gems/railties-5.2.5/lib/rails/rack/logger.rb:26:in `block in call'\u001b[0m","     \u001b[36m# /home/ec2-user/.rvm/gems/ruby-2.6.3/gems/railties-5.2.5/lib/rails/rack/logger.rb:26:in `call'\u001b[0m","     \u001b[36m# /home/ec2-user/.rvm/gems/ruby-2.6.3/gems/rack-2.2.3/lib/rack/method_override.rb:24:in `call'\u001b[0m","     \u001b[36m# /home/ec2-user/.rvm/gems/ruby-2.6.3/gems/rack-2.2.3/lib/rack/runtime.rb:22:in `call'\u001b[0m","     \u001b[36m# /home/ec2-user/.rvm/gems/ruby-2.6.3/gems/rack-2.2.3/lib/rack/sendfile.rb:110:in `call'\u001b[0m","     \u001b[36m# /home/ec2-user/.rvm/gems/ruby-2.6.3/gems/railties-5.2.5/lib/rails/engine.rb:524:in `call'\u001b[0m","     \u001b[36m# /home/ec2-user/.rvm/gems/ruby-2.6.3/gems/rack-2.2.3/lib/rack/urlmap.rb:74:in `block in call'\u001b[0m","     \u001b[36m# /home/ec2-user/.rvm/gems/ruby-2.6.3/gems/rack-2.2.3/lib/rack/urlmap.rb:58:in `each'\u001b[0m","     \u001b[36m# /home/ec2-user/.rvm/gems/ruby-2.6.3/gems/rack-2.2.3/lib/rack/urlmap.rb:58:in `call'\u001b[0m","     \u001b[36m# /home/ec2-user/.rvm/gems/ruby-2.6.3/gems/rack-2.2.3/lib/rack/builder.rb:244:in `call'\u001b[0m","     \u001b[36m# /home/ec2-user/.rvm/gems/ruby-2.6.3/gems/rack-test-1.1.0/lib/rack/mock_session.rb:29:in `request'\u001b[0m","     \u001b[36m# /home/ec2-user/.rvm/gems/ruby-2.6.3/gems/rack-test-1.1.0/lib/rack/test.rb:266:in `process_request'\u001b[0m","     \u001b[36m# /home/ec2-user/.rvm/gems/ruby-2.6.3/gems/rack-test-1.1.0/lib/rack/test.rb:129:in `custom_request'\u001b[0m","     \u001b[36m# /home/ec2-user/.rvm/gems/ruby-2.6.3/gems/rack-test-1.1.0/lib/rack/test.rb:66:in `post'\u001b[0m","     \u001b[36m# /home/ec2-user/.rvm/gems/ruby-2.6.3/gems/capybara-3.35.3/lib/capybara/rack_test/browser.rb:72:in `process'\u001b[0m","     \u001b[36m# /home/ec2-user/.rvm/gems/ruby-2.6.3/gems/capybara-3.35.3/lib/capybara/rack_test/browser.rb:47:in `process_and_follow_redirects'\u001b[0m","     \u001b[36m# /home/ec2-user/.rvm/gems/ruby-2.6.3/gems/capybara-3.35.3/lib/capybara/rack_test/browser.rb:36:in `submit'\u001b[0m","     \u001b[36m# /home/ec2-user/.rvm/gems/ruby-2.6.3/gems/capybara-3.35.3/lib/capybara/rack_test/form.rb:43:in `submit'\u001b[0m","     \u001b[36m# /home/ec2-user/.rvm/gems/ruby-2.6.3/gems/capybara-3.35.3/lib/capybara/rack_test/node.rb:75:in `click'\u001b[0m","     \u001b[36m# /home/ec2-user/.rvm/gems/ruby-2.6.3/gems/capybara-3.35.3/lib/capybara/rack_test/node.rb:137:in `block (2 levels) in <class:Node>'\u001b[0m","     \u001b[36m# /home/ec2-user/.rvm/gems/ruby-2.6.3/gems/capybara-3.35.3/lib/capybara/node/element.rb:172:in `block in click'\u001b[0m","     \u001b[36m# /home/ec2-user/.rvm/gems/ruby-2.6.3/gems/capybara-3.35.3/lib/capybara/node/element.rb:597:in `block in perform_click_action'\u001b[0m","     \u001b[36m# /home/ec2-user/.rvm/gems/ruby-2.6.3/gems/capybara-3.35.3/lib/capybara/node/base.rb:83:in `synchronize'\u001b[0m","     \u001b[36m# /home/ec2-user/.rvm/gems/ruby-2.6.3/gems/capybara-3.35.3/lib/capybara/node/element.rb:597:in `perform_click_action'\u001b[0m","     \u001b[36m# /home/ec2-user/.rvm/gems/ruby-2.6.3/gems/capybara-3.35.3/lib/capybara/node/element.rb:171:in `click'\u001b[0m","     \u001b[36m# /home/ec2-user/.rvm/gems/ruby-2.6.3/gems/capybara-3.35.3/lib/capybara/node/actions.rb:58:in `click_button'\u001b[0m","     \u001b[36m# /home/ec2-user/.rvm/gems/ruby-2.6.3/gems/capybara-3.35.3/lib/capybara/session.rb:768:in `block (2 levels) in <class:Session>'\u001b[0m","     \u001b[36m# /home/ec2-user/.rvm/gems/ruby-2.6.3/gems/capybara-3.35.3/lib/capybara/dsl.rb:58:in `block (2 levels) in <module:DSL>'\u001b[0m","     \u001b[36m# ./spec/system/books_spec.rb:149:in `block (4 levels) in <main>'\u001b[0m","","  2) 投稿のテスト 編集画面のテスト 更新処理に関するテスト 更新に失敗しエラーメッセージが表示されるか","     \u001b[31mFailure/Error: if @book.update\u001b[0m","     \u001b[31m\u001b[0m","     \u001b[31mArgumentError:\u001b[0m","     \u001b[31m  wrong number of arguments (given 0, expected 1)\u001b[0m","     \u001b[36m# ./app/controllers/books_controller.rb:31:in `update'\u001b[0m","     \u001b[36m# /home/ec2-user/.rvm/gems/ruby-2.6.3/gems/rack-2.2.3/lib/rack/tempfile_reaper.rb:15:in `call'\u001b[0m","     \u001b[36m# /home/ec2-user/.rvm/gems/ruby-2.6.3/gems/rack-2.2.3/lib/rack/etag.rb:27:in `call'\u001b[0m","     \u001b[36m# /home/ec2-user/.rvm/gems/ruby-2.6.3/gems/rack-2.2.3/lib/rack/conditional_get.rb:40:in `call'\u001b[0m","     \u001b[36m# /home/ec2-user/.rvm/gems/ruby-2.6.3/gems/rack-2.2.3/lib/rack/head.rb:12:in `call'\u001b[0m","     \u001b[36m# /home/ec2-user/.rvm/gems/ruby-2.6.3/gems/rack-2.2.3/lib/rack/session/abstract/id.rb:266:in `context'\u001b[0m","     \u001b[36m# /home/ec2-user/.rvm/gems/ruby-2.6.3/gems/rack-2.2.3/lib/rack/session/abstract/id.rb:260:in `call'\u001b[0m","     \u001b[36m# /home/ec2-user/.rvm/gems/ruby-2.6.3/gems/railties-5.2.5/lib/rails/rack/logger.rb:38:in `call_app'\u001b[0m","     \u001b[36m# /home/ec2-user/.rvm/gems/ruby-2.6.3/gems/railties-5.2.5/lib/rails/rack/logger.rb:26:in `block in call'\u001b[0m","     \u001b[36m# /home/ec2-user/.rvm/gems/ruby-2.6.3/gems/railties-5.2.5/lib/rails/rack/logger.rb:26:in `call'\u001b[0m","     \u001b[36m# /home/ec2-user/.rvm/gems/ruby-2.6.3/gems/rack-2.2.3/lib/rack/method_override.rb:24:in `call'\u001b[0m","     \u001b[36m# /home/ec2-user/.rvm/gems/ruby-2.6.3/gems/rack-2.2.3/lib/rack/runtime.rb:22:in `call'\u001b[0m","     \u001b[36m# /home/ec2-user/.rvm/gems/ruby-2.6.3/gems/rack-2.2.3/lib/rack/sendfile.rb:110:in `call'\u001b[0m","     \u001b[36m# /home/ec2-user/.rvm/gems/ruby-2.6.3/gems/railties-5.2.5/lib/rails/engine.rb:524:in `call'\u001b[0m","     \u001b[36m# /home/ec2-user/.rvm/gems/ruby-2.6.3/gems/rack-2.2.3/lib/rack/urlmap.rb:74:in `block in call'\u001b[0m","     \u001b[36m# /home/ec2-user/.rvm/gems/ruby-2.6.3/gems/rack-2.2.3/lib/rack/urlmap.rb:58:in `each'\u001b[0m","     \u001b[36m# /home/ec2-user/.rvm/gems/ruby-2.6.3/gems/rack-2.2.3/lib/rack/urlmap.rb:58:in `call'\u001b[0m","     \u001b[36m# /home/ec2-user/.rvm/gems/ruby-2.6.3/gems/rack-2.2.3/lib/rack/builder.rb:244:in `call'\u001b[0m","     \u001b[36m# /home/ec2-user/.rvm/gems/ruby-2.6.3/gems/rack-test-1.1.0/lib/rack/mock_session.rb:29:in `request'\u001b[0m","     \u001b[36m# /home/ec2-user/.rvm/gems/ruby-2.6.3/gems/rack-test-1.1.0/lib/rack/test.rb:266:in `process_request'\u001b[0m","     \u001b[36m# /home/ec2-user/.rvm/gems/ruby-2.6.3/gems/rack-test-1.1.0/lib/rack/test.rb:129:in `custom_request'\u001b[0m","     \u001b[36m# /home/ec2-user/.rvm/gems/ruby-2.6.3/gems/rack-test-1.1.0/lib/rack/test.rb:66:in `post'\u001b[0m","     \u001b[36m# /home/ec2-user/.rvm/gems/ruby-2.6.3/gems/capybara-3.35.3/lib/capybara/rack_test/browser.rb:72:in `process'\u001b[0m","     \u001b[36m# /home/ec2-user/.rvm/gems/ruby-2.6.3/gems/capybara-3.35.3/lib/capybara/rack_test/browser.rb:47:in `process_and_follow_redirects'\u001b[0m","     \u001b[36m# /home/ec2-user/.rvm/gems/ruby-2.6.3/gems/capybara-3.35.3/lib/capybara/rack_test/browser.rb:36:in `submit'\u001b[0m","     \u001b[36m# /home/ec2-user/.rvm/gems/ruby-2.6.3/gems/capybara-3.35.3/lib/capybara/rack_test/form.rb:43:in `submit'\u001b[0m","     \u001b[36m# /home/ec2-user/.rvm/gems/ruby-2.6.3/gems/capybara-3.35.3/lib/capybara/rack_test/node.rb:75:in `click'\u001b[0m","     \u001b[36m# /home/ec2-user/.rvm/gems/ruby-2.6.3/gems/capybara-3.35.3/lib/capybara/rack_test/node.rb:137:in `block (2 levels) in <class:Node>'\u001b[0m","     \u001b[36m# /home/ec2-user/.rvm/gems/ruby-2.6.3/gems/capybara-3.35.3/lib/capybara/node/element.rb:172:in `block in click'\u001b[0m","     \u001b[36m# /home/ec2-user/.rvm/gems/ruby-2.6.3/gems/capybara-3.35.3/lib/capybara/node/element.rb:597:in `block in perform_click_action'\u001b[0m","     \u001b[36m# /home/ec2-user/.rvm/gems/ruby-2.6.3/gems/capybara-3.35.3/lib/capybara/node/base.rb:83:in `synchronize'\u001b[0m","     \u001b[36m# /home/ec2-user/.rvm/gems/ruby-2.6.3/gems/capybara-3.35.3/lib/capybara/node/element.rb:597:in `perform_click_action'\u001b[0m","     \u001b[36m# /home/ec2-user/.rvm/gems/ruby-2.6.3/gems/capybara-3.35.3/lib/capybara/node/element.rb:171:in `click'\u001b[0m","     \u001b[36m# /home/ec2-user/.rvm/gems/ruby-2.6.3/gems/capybara-3.35.3/lib/capybara/node/actions.rb:58:in `click_button'\u001b[0m","     \u001b[36m# /home/ec2-user/.rvm/gems/ruby-2.6.3/gems/capybara-3.35.3/lib/capybara/session.rb:768:in `block (2 levels) in <class:Session>'\u001b[0m","     \u001b[36m# /home/ec2-user/.rvm/gems/ruby-2.6.3/gems/capybara-3.35.3/lib/capybara/dsl.rb:58:in `block (2 levels) in <module:DSL>'\u001b[0m","     \u001b[36m# ./spec/system/books_spec.rb:155:in `block (4 levels) in <main>'\u001b[0m","","  3) 投稿のテスト 編集画面のテスト 更新処理に関するテスト 更新後のリダイレクト先は正しいか","     \u001b[31mFailure/Error: if @book.update\u001b[0m","     \u001b[31m\u001b[0m","     \u001b[31mArgumentError:\u001b[0m","     \u001b[31m  wrong number of arguments (given 0, expected 1)\u001b[0m","     \u001b[36m# ./app/controllers/books_controller.rb:31:in `update'\u001b[0m","     \u001b[36m# /home/ec2-user/.rvm/gems/ruby-2.6.3/gems/rack-2.2.3/lib/rack/tempfile_reaper.rb:15:in `call'\u001b[0m","     \u001b[36m# /home/ec2-user/.rvm/gems/ruby-2.6.3/gems/rack-2.2.3/lib/rack/etag.rb:27:in `call'\u001b[0m","     \u001b[36m# /home/ec2-user/.rvm/gems/ruby-2.6.3/gems/rack-2.2.3/lib/rack/conditional_get.rb:40:in `call'\u001b[0m","     \u001b[36m# /home/ec2-user/.rvm/gems/ruby-2.6.3/gems/rack-2.2.3/lib/rack/head.rb:12:in `call'\u001b[0m","     \u001b[36m# /home/ec2-user/.rvm/gems/ruby-2.6.3/gems/rack-2.2.3/lib/rack/session/abstract/id.rb:266:in `context'\u001b[0m","     \u001b[36m# /home/ec2-user/.rvm/gems/ruby-2.6.3/gems/rack-2.2.3/lib/rack/session/abstract/id.rb:260:in `call'\u001b[0m","     \u001b[36m# /home/ec2-user/.rvm/gems/ruby-2.6.3/gems/railties-5.2.5/lib/rails/rack/logger.rb:38:in `call_app'\u001b[0m","     \u001b[36m# /home/ec2-user/.rvm/gems/ruby-2.6.3/gems/railties-5.2.5/lib/rails/rack/logger.rb:26:in `block in call'\u001b[0m","     \u001b[36m# /home/ec2-user/.rvm/gems/ruby-2.6.3/gems/railties-5.2.5/lib/rails/rack/logger.rb:26:in `call'\u001b[0m","     \u001b[36m# /home/ec2-user/.rvm/gems/ruby-2.6.3/gems/rack-2.2.3/lib/rack/method_override.rb:24:in `call'\u001b[0m","     \u001b[36m# /home/ec2-user/.rvm/gems/ruby-2.6.3/gems/rack-2.2.3/lib/rack/runtime.rb:22:in `call'\u001b[0m","     \u001b[36m# /home/ec2-user/.rvm/gems/ruby-2.6.3/gems/rack-2.2.3/lib/rack/sendfile.rb:110:in `call'\u001b[0m","     \u001b[36m# /home/ec2-user/.rvm/gems/ruby-2.6.3/gems/railties-5.2.5/lib/rails/engine.rb:524:in `call'\u001b[0m","     \u001b[36m# /home/ec2-user/.rvm/gems/ruby-2.6.3/gems/rack-2.2.3/lib/rack/urlmap.rb:74:in `block in call'\u001b[0m","     \u001b[36m# /home/ec2-user/.rvm/gems/ruby-2.6.3/gems/rack-2.2.3/lib/rack/urlmap.rb:58:in `each'\u001b[0m","     \u001b[36m# /home/ec2-user/.rvm/gems/ruby-2.6.3/gems/rack-2.2.3/lib/rack/urlmap.rb:58:in `call'\u001b[0m","     \u001b[36m# /home/ec2-user/.rvm/gems/ruby-2.6.3/gems/rack-2.2.3/lib/rack/builder.rb:244:in `call'\u001b[0m","     \u001b[36m# /home/ec2-user/.rvm/gems/ruby-2.6.3/gems/rack-test-1.1.0/lib/rack/mock_session.rb:29:in `request'\u001b[0m","     \u001b[36m# /home/ec2-user/.rvm/gems/ruby-2.6.3/gems/rack-test-1.1.0/lib/rack/test.rb:266:in `process_request'\u001b[0m","     \u001b[36m# /home/ec2-user/.rvm/gems/ruby-2.6.3/gems/rack-test-1.1.0/lib/rack/test.rb:129:in `custom_request'\u001b[0m","     \u001b[36m# /home/ec2-user/.rvm/gems/ruby-2.6.3/gems/rack-test-1.1.0/lib/rack/test.rb:66:in `post'\u001b[0m","     \u001b[36m# /home/ec2-user/.rvm/gems/ruby-2.6.3/gems/capybara-3.35.3/lib/capybara/rack_test/browser.rb:72:in `process'\u001b[0m","     \u001b[36m# /home/ec2-user/.rvm/gems/ruby-2.6.3/gems/capybara-3.35.3/lib/capybara/rack_test/browser.rb:47:in `process_and_follow_redirects'\u001b[0m","     \u001b[36m# /home/ec2-user/.rvm/gems/ruby-2.6.3/gems/capybara-3.35.3/lib/capybara/rack_test/browser.rb:36:in `submit'\u001b[0m","     \u001b[36m# /home/ec2-user/.rvm/gems/ruby-2.6.3/gems/capybara-3.35.3/lib/capybara/rack_test/form.rb:43:in `submit'\u001b[0m","     \u001b[36m# /home/ec2-user/.rvm/gems/ruby-2.6.3/gems/capybara-3.35.3/lib/capybara/rack_test/node.rb:75:in `click'\u001b[0m","     \u001b[36m# /home/ec2-user/.rvm/gems/ruby-2.6.3/gems/capybara-3.35.3/lib/capybara/rack_test/node.rb:137:in `block (2 levels) in <class:Node>'\u001b[0m","     \u001b[36m# /home/ec2-user/.rvm/gems/ruby-2.6.3/gems/capybara-3.35.3/lib/capybara/node/element.rb:172:in `block in click'\u001b[0m","     \u001b[36m# /home/ec2-user/.rvm/gems/ruby-2.6.3/gems/capybara-3.35.3/lib/capybara/node/element.rb:597:in `block in perform_click_action'\u001b[0m","     \u001b[36m# /home/ec2-user/.rvm/gems/ruby-2.6.3/gems/capybara-3.35.3/lib/capybara/node/base.rb:83:in `synchronize'\u001b[0m","     \u001b[36m# /home/ec2-user/.rvm/gems/ruby-2.6.3/gems/capybara-3.35.3/lib/capybara/node/element.rb:597:in `perform_click_action'\u001b[0m","     \u001b[36m# /home/ec2-user/.rvm/gems/ruby-2.6.3/gems/capybara-3.35.3/lib/capybara/node/element.rb:171:in `click'\u001b[0m","     \u001b[36m# /home/ec2-user/.rvm/gems/ruby-2.6.3/gems/capybara-3.35.3/lib/capybara/node/actions.rb:58:in `click_button'\u001b[0m","     \u001b[36m# /home/ec2-user/.rvm/gems/ruby-2.6.3/gems/capybara-3.35.3/lib/capybara/session.rb:768:in `block (2 levels) in <class:Session>'\u001b[0m","     \u001b[36m# /home/ec2-user/.rvm/gems/ruby-2.6.3/gems/capybara-3.35.3/lib/capybara/dsl.rb:58:in `block (2 levels) in <module:DSL>'\u001b[0m","     \u001b[36m# ./spec/system/books_spec.rb:161:in `block (4 levels) in <main>'\u001b[0m","","Finished in 1.29 seconds (files took 1.12 seconds to load)","\u001b[31m28 examples, 3 failures\u001b[0m","","Failed examples:","","\u001b[31mrspec ./spec/system/books_spec.rb:146\u001b[0m \u001b[36m# 投稿のテスト 編集画面のテスト 更新処理に関するテスト 更新に成功しサクセスメッセージが表示されるか\u001b[0m","\u001b[31mrspec ./spec/system/books_spec.rb:152\u001b[0m \u001b[36m# 投稿のテスト 編集画面のテスト 更新処理に関するテスト 更新に失敗しエラーメッセージが表示されるか\u001b[0m","\u001b[31mrspec ./spec/system/books_spec.rb:158\u001b[0m \u001b[36m# 投稿のテスト 編集画面のテスト 更新処理に関するテスト 更新後のリダイレクト先は正しいか\u001b[0m","",""],"id":5,"ignore":true}],[{"start":{"row":0,"column":0},"end":{"row":190,"column":0},"action":"remove","lines":["","Book モデルに関するテスト","  実際に保存してみる","\u001b[32m    有効な投稿内容の場合は保存されるか\u001b[0m","  空白のバリデーションチェック","\u001b[32m    titleが空白の場合にバリデーションチェックされ空白のエラーメッセージが返ってきているか\u001b[0m","\u001b[32m    bodyが空白の場合にバリデーションチェックされ空白のエラーメッセージが返ってきているか\u001b[0m","  titleを空白で投稿した場合に画面にエラーメッセージが表示されているか","\u001b[32m    エラーメッセージは正しく表示されるか\u001b[0m","  bodyを空白で投稿した場合に画面にエラーメッセージが表示されているか","\u001b[32m    エラーメッセージは正しく表示されるか\u001b[0m","","投稿のテスト","  トップ画面(root_path)のテスト","    表示の確認","\u001b[32m      トップ画面(root_path)に一覧ページへのリンクが表示されているか\u001b[0m","\u001b[32m      root_pathが\"/\"であるか\u001b[0m","  一覧画面のテスト","    一覧の表示とリンクの確認","\u001b[32m      bookの一覧表示(tableタグ)と投稿フォームが同一画面に表示されているか\u001b[0m","\u001b[32m      bookのタイトルと感想を表示し、詳細・編集・削除のリンクが表示されているか\u001b[0m","\u001b[32m      Create Bookボタンが表示される\u001b[0m","    投稿処理に関するテスト","\u001b[32m      投稿に成功しサクセスメッセージが表示されるか\u001b[0m","\u001b[32m      投稿に失敗する\u001b[0m","\u001b[32m      投稿後のリダイレクト先は正しいか\u001b[0m","    book削除のテスト","\u001b[32m      bookの削除\u001b[0m","  詳細画面のテスト","    表示の確認","\u001b[32m      本のタイトルと感想が画面に表示されていること\u001b[0m","\u001b[32m      Editリンクが表示される\u001b[0m","\u001b[32m      Backリンクが表示される\u001b[0m","    リンクの遷移先の確認","\u001b[32m      Editの遷移先は編集画面か\u001b[0m","\u001b[32m      Backの遷移先は一覧画面か\u001b[0m","  編集画面のテスト","    表示の確認","\u001b[32m      編集前のタイトルと感想がフォームに表示(セット)されている\u001b[0m","\u001b[32m      Update Bookボタンが表示される\u001b[0m","\u001b[32m      Showリンクが表示される\u001b[0m","\u001b[32m      Backリンクが表示される\u001b[0m","    リンクの遷移先の確認","\u001b[32m      Showの遷移先は詳細画面か\u001b[0m","\u001b[32m      Backの遷移先は一覧画面か\u001b[0m","    更新処理に関するテスト","\u001b[31m      更新に成功しサクセスメッセージが表示されるか (FAILED - 1)\u001b[0m","\u001b[31m      更新に失敗しエラーメッセージが表示されるか (FAILED - 2)\u001b[0m","\u001b[31m      更新後のリダイレクト先は正しいか (FAILED - 3)\u001b[0m","","Failures:","","  1) 投稿のテスト 編集画面のテスト 更新処理に関するテスト 更新に成功しサクセスメッセージが表示されるか","     \u001b[31mFailure/Error: if @book.update\u001b[0m","     \u001b[31m\u001b[0m","     \u001b[31mArgumentError:\u001b[0m","     \u001b[31m  wrong number of arguments (given 0, expected 1)\u001b[0m","     \u001b[36m# ./app/controllers/books_controller.rb:31:in `update'\u001b[0m","     \u001b[36m# /home/ec2-user/.rvm/gems/ruby-2.6.3/gems/rack-2.2.3/lib/rack/tempfile_reaper.rb:15:in `call'\u001b[0m","     \u001b[36m# /home/ec2-user/.rvm/gems/ruby-2.6.3/gems/rack-2.2.3/lib/rack/etag.rb:27:in `call'\u001b[0m","     \u001b[36m# /home/ec2-user/.rvm/gems/ruby-2.6.3/gems/rack-2.2.3/lib/rack/conditional_get.rb:40:in `call'\u001b[0m","     \u001b[36m# /home/ec2-user/.rvm/gems/ruby-2.6.3/gems/rack-2.2.3/lib/rack/head.rb:12:in `call'\u001b[0m","     \u001b[36m# /home/ec2-user/.rvm/gems/ruby-2.6.3/gems/rack-2.2.3/lib/rack/session/abstract/id.rb:266:in `context'\u001b[0m","     \u001b[36m# /home/ec2-user/.rvm/gems/ruby-2.6.3/gems/rack-2.2.3/lib/rack/session/abstract/id.rb:260:in `call'\u001b[0m","     \u001b[36m# /home/ec2-user/.rvm/gems/ruby-2.6.3/gems/railties-5.2.5/lib/rails/rack/logger.rb:38:in `call_app'\u001b[0m","     \u001b[36m# /home/ec2-user/.rvm/gems/ruby-2.6.3/gems/railties-5.2.5/lib/rails/rack/logger.rb:26:in `block in call'\u001b[0m","     \u001b[36m# /home/ec2-user/.rvm/gems/ruby-2.6.3/gems/railties-5.2.5/lib/rails/rack/logger.rb:26:in `call'\u001b[0m","     \u001b[36m# /home/ec2-user/.rvm/gems/ruby-2.6.3/gems/rack-2.2.3/lib/rack/method_override.rb:24:in `call'\u001b[0m","     \u001b[36m# /home/ec2-user/.rvm/gems/ruby-2.6.3/gems/rack-2.2.3/lib/rack/runtime.rb:22:in `call'\u001b[0m","     \u001b[36m# /home/ec2-user/.rvm/gems/ruby-2.6.3/gems/rack-2.2.3/lib/rack/sendfile.rb:110:in `call'\u001b[0m","     \u001b[36m# /home/ec2-user/.rvm/gems/ruby-2.6.3/gems/railties-5.2.5/lib/rails/engine.rb:524:in `call'\u001b[0m","     \u001b[36m# /home/ec2-user/.rvm/gems/ruby-2.6.3/gems/rack-2.2.3/lib/rack/urlmap.rb:74:in `block in call'\u001b[0m","     \u001b[36m# /home/ec2-user/.rvm/gems/ruby-2.6.3/gems/rack-2.2.3/lib/rack/urlmap.rb:58:in `each'\u001b[0m","     \u001b[36m# /home/ec2-user/.rvm/gems/ruby-2.6.3/gems/rack-2.2.3/lib/rack/urlmap.rb:58:in `call'\u001b[0m","     \u001b[36m# /home/ec2-user/.rvm/gems/ruby-2.6.3/gems/rack-2.2.3/lib/rack/builder.rb:244:in `call'\u001b[0m","     \u001b[36m# /home/ec2-user/.rvm/gems/ruby-2.6.3/gems/rack-test-1.1.0/lib/rack/mock_session.rb:29:in `request'\u001b[0m","     \u001b[36m# /home/ec2-user/.rvm/gems/ruby-2.6.3/gems/rack-test-1.1.0/lib/rack/test.rb:266:in `process_request'\u001b[0m","     \u001b[36m# /home/ec2-user/.rvm/gems/ruby-2.6.3/gems/rack-test-1.1.0/lib/rack/test.rb:129:in `custom_request'\u001b[0m","     \u001b[36m# /home/ec2-user/.rvm/gems/ruby-2.6.3/gems/rack-test-1.1.0/lib/rack/test.rb:66:in `post'\u001b[0m","     \u001b[36m# /home/ec2-user/.rvm/gems/ruby-2.6.3/gems/capybara-3.35.3/lib/capybara/rack_test/browser.rb:72:in `process'\u001b[0m","     \u001b[36m# /home/ec2-user/.rvm/gems/ruby-2.6.3/gems/capybara-3.35.3/lib/capybara/rack_test/browser.rb:47:in `process_and_follow_redirects'\u001b[0m","     \u001b[36m# /home/ec2-user/.rvm/gems/ruby-2.6.3/gems/capybara-3.35.3/lib/capybara/rack_test/browser.rb:36:in `submit'\u001b[0m","     \u001b[36m# /home/ec2-user/.rvm/gems/ruby-2.6.3/gems/capybara-3.35.3/lib/capybara/rack_test/form.rb:43:in `submit'\u001b[0m","     \u001b[36m# /home/ec2-user/.rvm/gems/ruby-2.6.3/gems/capybara-3.35.3/lib/capybara/rack_test/node.rb:75:in `click'\u001b[0m","     \u001b[36m# /home/ec2-user/.rvm/gems/ruby-2.6.3/gems/capybara-3.35.3/lib/capybara/rack_test/node.rb:137:in `block (2 levels) in <class:Node>'\u001b[0m","     \u001b[36m# /home/ec2-user/.rvm/gems/ruby-2.6.3/gems/capybara-3.35.3/lib/capybara/node/element.rb:172:in `block in click'\u001b[0m","     \u001b[36m# /home/ec2-user/.rvm/gems/ruby-2.6.3/gems/capybara-3.35.3/lib/capybara/node/element.rb:597:in `block in perform_click_action'\u001b[0m","     \u001b[36m# /home/ec2-user/.rvm/gems/ruby-2.6.3/gems/capybara-3.35.3/lib/capybara/node/base.rb:83:in `synchronize'\u001b[0m","     \u001b[36m# /home/ec2-user/.rvm/gems/ruby-2.6.3/gems/capybara-3.35.3/lib/capybara/node/element.rb:597:in `perform_click_action'\u001b[0m","     \u001b[36m# /home/ec2-user/.rvm/gems/ruby-2.6.3/gems/capybara-3.35.3/lib/capybara/node/element.rb:171:in `click'\u001b[0m","     \u001b[36m# /home/ec2-user/.rvm/gems/ruby-2.6.3/gems/capybara-3.35.3/lib/capybara/node/actions.rb:58:in `click_button'\u001b[0m","     \u001b[36m# /home/ec2-user/.rvm/gems/ruby-2.6.3/gems/capybara-3.35.3/lib/capybara/session.rb:768:in `block (2 levels) in <class:Session>'\u001b[0m","     \u001b[36m# /home/ec2-user/.rvm/gems/ruby-2.6.3/gems/capybara-3.35.3/lib/capybara/dsl.rb:58:in `block (2 levels) in <module:DSL>'\u001b[0m","     \u001b[36m# ./spec/system/books_spec.rb:149:in `block (4 levels) in <main>'\u001b[0m","","  2) 投稿のテスト 編集画面のテスト 更新処理に関するテスト 更新に失敗しエラーメッセージが表示されるか","     \u001b[31mFailure/Error: if @book.update\u001b[0m","     \u001b[31m\u001b[0m","     \u001b[31mArgumentError:\u001b[0m","     \u001b[31m  wrong number of arguments (given 0, expected 1)\u001b[0m","     \u001b[36m# ./app/controllers/books_controller.rb:31:in `update'\u001b[0m","     \u001b[36m# /home/ec2-user/.rvm/gems/ruby-2.6.3/gems/rack-2.2.3/lib/rack/tempfile_reaper.rb:15:in `call'\u001b[0m","     \u001b[36m# /home/ec2-user/.rvm/gems/ruby-2.6.3/gems/rack-2.2.3/lib/rack/etag.rb:27:in `call'\u001b[0m","     \u001b[36m# /home/ec2-user/.rvm/gems/ruby-2.6.3/gems/rack-2.2.3/lib/rack/conditional_get.rb:40:in `call'\u001b[0m","     \u001b[36m# /home/ec2-user/.rvm/gems/ruby-2.6.3/gems/rack-2.2.3/lib/rack/head.rb:12:in `call'\u001b[0m","     \u001b[36m# /home/ec2-user/.rvm/gems/ruby-2.6.3/gems/rack-2.2.3/lib/rack/session/abstract/id.rb:266:in `context'\u001b[0m","     \u001b[36m# /home/ec2-user/.rvm/gems/ruby-2.6.3/gems/rack-2.2.3/lib/rack/session/abstract/id.rb:260:in `call'\u001b[0m","     \u001b[36m# /home/ec2-user/.rvm/gems/ruby-2.6.3/gems/railties-5.2.5/lib/rails/rack/logger.rb:38:in `call_app'\u001b[0m","     \u001b[36m# /home/ec2-user/.rvm/gems/ruby-2.6.3/gems/railties-5.2.5/lib/rails/rack/logger.rb:26:in `block in call'\u001b[0m","     \u001b[36m# /home/ec2-user/.rvm/gems/ruby-2.6.3/gems/railties-5.2.5/lib/rails/rack/logger.rb:26:in `call'\u001b[0m","     \u001b[36m# /home/ec2-user/.rvm/gems/ruby-2.6.3/gems/rack-2.2.3/lib/rack/method_override.rb:24:in `call'\u001b[0m","     \u001b[36m# /home/ec2-user/.rvm/gems/ruby-2.6.3/gems/rack-2.2.3/lib/rack/runtime.rb:22:in `call'\u001b[0m","     \u001b[36m# /home/ec2-user/.rvm/gems/ruby-2.6.3/gems/rack-2.2.3/lib/rack/sendfile.rb:110:in `call'\u001b[0m","     \u001b[36m# /home/ec2-user/.rvm/gems/ruby-2.6.3/gems/railties-5.2.5/lib/rails/engine.rb:524:in `call'\u001b[0m","     \u001b[36m# /home/ec2-user/.rvm/gems/ruby-2.6.3/gems/rack-2.2.3/lib/rack/urlmap.rb:74:in `block in call'\u001b[0m","     \u001b[36m# /home/ec2-user/.rvm/gems/ruby-2.6.3/gems/rack-2.2.3/lib/rack/urlmap.rb:58:in `each'\u001b[0m","     \u001b[36m# /home/ec2-user/.rvm/gems/ruby-2.6.3/gems/rack-2.2.3/lib/rack/urlmap.rb:58:in `call'\u001b[0m","     \u001b[36m# /home/ec2-user/.rvm/gems/ruby-2.6.3/gems/rack-2.2.3/lib/rack/builder.rb:244:in `call'\u001b[0m","     \u001b[36m# /home/ec2-user/.rvm/gems/ruby-2.6.3/gems/rack-test-1.1.0/lib/rack/mock_session.rb:29:in `request'\u001b[0m","     \u001b[36m# /home/ec2-user/.rvm/gems/ruby-2.6.3/gems/rack-test-1.1.0/lib/rack/test.rb:266:in `process_request'\u001b[0m","     \u001b[36m# /home/ec2-user/.rvm/gems/ruby-2.6.3/gems/rack-test-1.1.0/lib/rack/test.rb:129:in `custom_request'\u001b[0m","     \u001b[36m# /home/ec2-user/.rvm/gems/ruby-2.6.3/gems/rack-test-1.1.0/lib/rack/test.rb:66:in `post'\u001b[0m","     \u001b[36m# /home/ec2-user/.rvm/gems/ruby-2.6.3/gems/capybara-3.35.3/lib/capybara/rack_test/browser.rb:72:in `process'\u001b[0m","     \u001b[36m# /home/ec2-user/.rvm/gems/ruby-2.6.3/gems/capybara-3.35.3/lib/capybara/rack_test/browser.rb:47:in `process_and_follow_redirects'\u001b[0m","     \u001b[36m# /home/ec2-user/.rvm/gems/ruby-2.6.3/gems/capybara-3.35.3/lib/capybara/rack_test/browser.rb:36:in `submit'\u001b[0m","     \u001b[36m# /home/ec2-user/.rvm/gems/ruby-2.6.3/gems/capybara-3.35.3/lib/capybara/rack_test/form.rb:43:in `submit'\u001b[0m","     \u001b[36m# /home/ec2-user/.rvm/gems/ruby-2.6.3/gems/capybara-3.35.3/lib/capybara/rack_test/node.rb:75:in `click'\u001b[0m","     \u001b[36m# /home/ec2-user/.rvm/gems/ruby-2.6.3/gems/capybara-3.35.3/lib/capybara/rack_test/node.rb:137:in `block (2 levels) in <class:Node>'\u001b[0m","     \u001b[36m# /home/ec2-user/.rvm/gems/ruby-2.6.3/gems/capybara-3.35.3/lib/capybara/node/element.rb:172:in `block in click'\u001b[0m","     \u001b[36m# /home/ec2-user/.rvm/gems/ruby-2.6.3/gems/capybara-3.35.3/lib/capybara/node/element.rb:597:in `block in perform_click_action'\u001b[0m","     \u001b[36m# /home/ec2-user/.rvm/gems/ruby-2.6.3/gems/capybara-3.35.3/lib/capybara/node/base.rb:83:in `synchronize'\u001b[0m","     \u001b[36m# /home/ec2-user/.rvm/gems/ruby-2.6.3/gems/capybara-3.35.3/lib/capybara/node/element.rb:597:in `perform_click_action'\u001b[0m","     \u001b[36m# /home/ec2-user/.rvm/gems/ruby-2.6.3/gems/capybara-3.35.3/lib/capybara/node/element.rb:171:in `click'\u001b[0m","     \u001b[36m# /home/ec2-user/.rvm/gems/ruby-2.6.3/gems/capybara-3.35.3/lib/capybara/node/actions.rb:58:in `click_button'\u001b[0m","     \u001b[36m# /home/ec2-user/.rvm/gems/ruby-2.6.3/gems/capybara-3.35.3/lib/capybara/session.rb:768:in `block (2 levels) in <class:Session>'\u001b[0m","     \u001b[36m# /home/ec2-user/.rvm/gems/ruby-2.6.3/gems/capybara-3.35.3/lib/capybara/dsl.rb:58:in `block (2 levels) in <module:DSL>'\u001b[0m","     \u001b[36m# ./spec/system/books_spec.rb:155:in `block (4 levels) in <main>'\u001b[0m","","  3) 投稿のテスト 編集画面のテスト 更新処理に関するテスト 更新後のリダイレクト先は正しいか","     \u001b[31mFailure/Error: if @book.update\u001b[0m","     \u001b[31m\u001b[0m","     \u001b[31mArgumentError:\u001b[0m","     \u001b[31m  wrong number of arguments (given 0, expected 1)\u001b[0m","     \u001b[36m# ./app/controllers/books_controller.rb:31:in `update'\u001b[0m","     \u001b[36m# /home/ec2-user/.rvm/gems/ruby-2.6.3/gems/rack-2.2.3/lib/rack/tempfile_reaper.rb:15:in `call'\u001b[0m","     \u001b[36m# /home/ec2-user/.rvm/gems/ruby-2.6.3/gems/rack-2.2.3/lib/rack/etag.rb:27:in `call'\u001b[0m","     \u001b[36m# /home/ec2-user/.rvm/gems/ruby-2.6.3/gems/rack-2.2.3/lib/rack/conditional_get.rb:40:in `call'\u001b[0m","     \u001b[36m# /home/ec2-user/.rvm/gems/ruby-2.6.3/gems/rack-2.2.3/lib/rack/head.rb:12:in `call'\u001b[0m","     \u001b[36m# /home/ec2-user/.rvm/gems/ruby-2.6.3/gems/rack-2.2.3/lib/rack/session/abstract/id.rb:266:in `context'\u001b[0m","     \u001b[36m# /home/ec2-user/.rvm/gems/ruby-2.6.3/gems/rack-2.2.3/lib/rack/session/abstract/id.rb:260:in `call'\u001b[0m","     \u001b[36m# /home/ec2-user/.rvm/gems/ruby-2.6.3/gems/railties-5.2.5/lib/rails/rack/logger.rb:38:in `call_app'\u001b[0m","     \u001b[36m# /home/ec2-user/.rvm/gems/ruby-2.6.3/gems/railties-5.2.5/lib/rails/rack/logger.rb:26:in `block in call'\u001b[0m","     \u001b[36m# /home/ec2-user/.rvm/gems/ruby-2.6.3/gems/railties-5.2.5/lib/rails/rack/logger.rb:26:in `call'\u001b[0m","     \u001b[36m# /home/ec2-user/.rvm/gems/ruby-2.6.3/gems/rack-2.2.3/lib/rack/method_override.rb:24:in `call'\u001b[0m","     \u001b[36m# /home/ec2-user/.rvm/gems/ruby-2.6.3/gems/rack-2.2.3/lib/rack/runtime.rb:22:in `call'\u001b[0m","     \u001b[36m# /home/ec2-user/.rvm/gems/ruby-2.6.3/gems/rack-2.2.3/lib/rack/sendfile.rb:110:in `call'\u001b[0m","     \u001b[36m# /home/ec2-user/.rvm/gems/ruby-2.6.3/gems/railties-5.2.5/lib/rails/engine.rb:524:in `call'\u001b[0m","     \u001b[36m# /home/ec2-user/.rvm/gems/ruby-2.6.3/gems/rack-2.2.3/lib/rack/urlmap.rb:74:in `block in call'\u001b[0m","     \u001b[36m# /home/ec2-user/.rvm/gems/ruby-2.6.3/gems/rack-2.2.3/lib/rack/urlmap.rb:58:in `each'\u001b[0m","     \u001b[36m# /home/ec2-user/.rvm/gems/ruby-2.6.3/gems/rack-2.2.3/lib/rack/urlmap.rb:58:in `call'\u001b[0m","     \u001b[36m# /home/ec2-user/.rvm/gems/ruby-2.6.3/gems/rack-2.2.3/lib/rack/builder.rb:244:in `call'\u001b[0m","     \u001b[36m# /home/ec2-user/.rvm/gems/ruby-2.6.3/gems/rack-test-1.1.0/lib/rack/mock_session.rb:29:in `request'\u001b[0m","     \u001b[36m# /home/ec2-user/.rvm/gems/ruby-2.6.3/gems/rack-test-1.1.0/lib/rack/test.rb:266:in `process_request'\u001b[0m","     \u001b[36m# /home/ec2-user/.rvm/gems/ruby-2.6.3/gems/rack-test-1.1.0/lib/rack/test.rb:129:in `custom_request'\u001b[0m","     \u001b[36m# /home/ec2-user/.rvm/gems/ruby-2.6.3/gems/rack-test-1.1.0/lib/rack/test.rb:66:in `post'\u001b[0m","     \u001b[36m# /home/ec2-user/.rvm/gems/ruby-2.6.3/gems/capybara-3.35.3/lib/capybara/rack_test/browser.rb:72:in `process'\u001b[0m","     \u001b[36m# /home/ec2-user/.rvm/gems/ruby-2.6.3/gems/capybara-3.35.3/lib/capybara/rack_test/browser.rb:47:in `process_and_follow_redirects'\u001b[0m","     \u001b[36m# /home/ec2-user/.rvm/gems/ruby-2.6.3/gems/capybara-3.35.3/lib/capybara/rack_test/browser.rb:36:in `submit'\u001b[0m","     \u001b[36m# /home/ec2-user/.rvm/gems/ruby-2.6.3/gems/capybara-3.35.3/lib/capybara/rack_test/form.rb:43:in `submit'\u001b[0m","     \u001b[36m# /home/ec2-user/.rvm/gems/ruby-2.6.3/gems/capybara-3.35.3/lib/capybara/rack_test/node.rb:75:in `click'\u001b[0m","     \u001b[36m# /home/ec2-user/.rvm/gems/ruby-2.6.3/gems/capybara-3.35.3/lib/capybara/rack_test/node.rb:137:in `block (2 levels) in <class:Node>'\u001b[0m","     \u001b[36m# /home/ec2-user/.rvm/gems/ruby-2.6.3/gems/capybara-3.35.3/lib/capybara/node/element.rb:172:in `block in click'\u001b[0m","     \u001b[36m# /home/ec2-user/.rvm/gems/ruby-2.6.3/gems/capybara-3.35.3/lib/capybara/node/element.rb:597:in `block in perform_click_action'\u001b[0m","     \u001b[36m# /home/ec2-user/.rvm/gems/ruby-2.6.3/gems/capybara-3.35.3/lib/capybara/node/base.rb:83:in `synchronize'\u001b[0m","     \u001b[36m# /home/ec2-user/.rvm/gems/ruby-2.6.3/gems/capybara-3.35.3/lib/capybara/node/element.rb:597:in `perform_click_action'\u001b[0m","     \u001b[36m# /home/ec2-user/.rvm/gems/ruby-2.6.3/gems/capybara-3.35.3/lib/capybara/node/element.rb:171:in `click'\u001b[0m","     \u001b[36m# /home/ec2-user/.rvm/gems/ruby-2.6.3/gems/capybara-3.35.3/lib/capybara/node/actions.rb:58:in `click_button'\u001b[0m","     \u001b[36m# /home/ec2-user/.rvm/gems/ruby-2.6.3/gems/capybara-3.35.3/lib/capybara/session.rb:768:in `block (2 levels) in <class:Session>'\u001b[0m","     \u001b[36m# /home/ec2-user/.rvm/gems/ruby-2.6.3/gems/capybara-3.35.3/lib/capybara/dsl.rb:58:in `block (2 levels) in <module:DSL>'\u001b[0m","     \u001b[36m# ./spec/system/books_spec.rb:161:in `block (4 levels) in <main>'\u001b[0m","","Finished in 1.29 seconds (files took 1.12 seconds to load)","\u001b[31m28 examples, 3 failures\u001b[0m","","Failed examples:","","\u001b[31mrspec ./spec/system/books_spec.rb:146\u001b[0m \u001b[36m# 投稿のテスト 編集画面のテスト 更新処理に関するテスト 更新に成功しサクセスメッセージが表示されるか\u001b[0m","\u001b[31mrspec ./spec/system/books_spec.rb:152\u001b[0m \u001b[36m# 投稿のテスト 編集画面のテスト 更新処理に関するテスト 更新に失敗しエラーメッセージが表示されるか\u001b[0m","\u001b[31mrspec ./spec/system/books_spec.rb:158\u001b[0m \u001b[36m# 投稿のテスト 編集画面のテスト 更新処理に関するテスト 更新後のリダイレクト先は正しいか\u001b[0m","",""],"id":6,"ignore":true}],[{"start":{"row":0,"column":0},"end":{"row":53,"column":0},"action":"insert","lines":["","Book モデルに関するテスト","  実際に保存してみる","\u001b[32m    有効な投稿内容の場合は保存されるか\u001b[0m","  空白のバリデーションチェック","\u001b[32m    titleが空白の場合にバリデーションチェックされ空白のエラーメッセージが返ってきているか\u001b[0m","\u001b[32m    bodyが空白の場合にバリデーションチェックされ空白のエラーメッセージが返ってきているか\u001b[0m","  titleを空白で投稿した場合に画面にエラーメッセージが表示されているか","\u001b[32m    エラーメッセージは正しく表示されるか\u001b[0m","  bodyを空白で投稿した場合に画面にエラーメッセージが表示されているか","\u001b[32m    エラーメッセージは正しく表示されるか\u001b[0m","","投稿のテスト","  トップ画面(root_path)のテスト","    表示の確認","\u001b[32m      トップ画面(root_path)に一覧ページへのリンクが表示されているか\u001b[0m","\u001b[32m      root_pathが\"/\"であるか\u001b[0m","  一覧画面のテスト","    一覧の表示とリンクの確認","\u001b[32m      bookの一覧表示(tableタグ)と投稿フォームが同一画面に表示されているか\u001b[0m","\u001b[32m      bookのタイトルと感想を表示し、詳細・編集・削除のリンクが表示されているか\u001b[0m","\u001b[32m      Create Bookボタンが表示される\u001b[0m","    投稿処理に関するテスト","\u001b[32m      投稿に成功しサクセスメッセージが表示されるか\u001b[0m","\u001b[32m      投稿に失敗する\u001b[0m","\u001b[32m      投稿後のリダイレクト先は正しいか\u001b[0m","    book削除のテスト","\u001b[32m      bookの削除\u001b[0m","  詳細画面のテスト","    表示の確認","\u001b[32m      本のタイトルと感想が画面に表示されていること\u001b[0m","\u001b[32m      Editリンクが表示される\u001b[0m","\u001b[32m      Backリンクが表示される\u001b[0m","    リンクの遷移先の確認","\u001b[32m      Editの遷移先は編集画面か\u001b[0m","\u001b[32m      Backの遷移先は一覧画面か\u001b[0m","  編集画面のテスト","    表示の確認","\u001b[32m      編集前のタイトルと感想がフォームに表示(セット)されている\u001b[0m","\u001b[32m      Update Bookボタンが表示される\u001b[0m","\u001b[32m      Showリンクが表示される\u001b[0m","\u001b[32m      Backリンクが表示される\u001b[0m","    リンクの遷移先の確認","\u001b[32m      Showの遷移先は詳細画面か\u001b[0m","\u001b[32m      Backの遷移先は一覧画面か\u001b[0m","    更新処理に関するテスト","\u001b[32m      更新に成功しサクセスメッセージが表示されるか\u001b[0m","\u001b[32m      更新に失敗しエラーメッセージが表示されるか\u001b[0m","\u001b[32m      更新後のリダイレクト先は正しいか\u001b[0m","","Finished in 1.46 seconds (files took 1.8 seconds to load)","\u001b[32m28 examples, 0 failures\u001b[0m","",""],"id":7,"ignore":true}]]},"ace":{"folds":[],"scrolltop":417.5,"scrollleft":0,"selection":{"start":{"row":0,"column":0},"end":{"row":0,"column":0},"isBackwards":false},"options":{"guessTabSize":true,"useWrapMode":false,"wrapToView":true},"firstLineState":{"row":28,"state":"start","mode":"ace/mode/log"}},"timestamp":1638348364021,"hash":"da69f149fcd720a0734c60350de1fd58d3611fa9"}